TN:
SF:app\api\auth\[...nextauth]\route.ts
FNF:0
FNH:0
DA:1,0
DA:2,0
DA:4,0
DA:6,0
LF:4
LH:0
BRF:0
BRH:0
end_of_record
TN:
SF:app\api\clubs\route.ts
FN:9,GET
FN:37,POST
FNF:2
FNH:2
FNDA:1,GET
FNDA:3,POST
DA:1,1
DA:2,1
DA:3,1
DA:4,1
DA:5,1
DA:6,1
DA:9,1
DA:10,1
DA:11,1
DA:13,1
DA:14,1
DA:17,0
DA:30,0
DA:32,1
DA:37,3
DA:38,3
DA:39,3
DA:41,3
DA:42,1
DA:45,2
DA:48,2
DA:50,2
DA:51,2
DA:54,0
DA:56,0
DA:64,0
DA:66,3
LF:27
LH:22
BRDA:13,0,0,1
BRDA:13,0,1,0
BRDA:41,1,0,1
BRDA:41,1,1,2
BRDA:50,2,0,2
BRDA:50,2,1,0
BRDA:59,3,0,0
BRDA:59,3,1,0
BRDA:60,4,0,0
BRDA:60,4,1,0
BRF:10
BRH:4
end_of_record
TN:
SF:app\api\clubs\[id]\route.ts
FN:14,GET
FN:54,PUT
FN:108,DELETE
FNF:3
FNH:0
FNDA:0,GET
FNDA:0,PUT
FNDA:0,DELETE
DA:1,0
DA:2,0
DA:3,0
DA:4,0
DA:5,0
DA:11,0
DA:14,0
DA:18,0
DA:19,0
DA:21,0
DA:22,0
DA:25,0
DA:26,0
DA:28,0
DA:29,0
DA:32,0
DA:43,0
DA:44,0
DA:47,0
DA:49,0
DA:54,0
DA:58,0
DA:59,0
DA:61,0
DA:62,0
DA:65,0
DA:66,0
DA:68,0
DA:69,0
DA:72,0
DA:75,0
DA:77,0
DA:78,0
DA:82,0
DA:86,0
DA:87,0
DA:90,0
DA:92,0
DA:101,0
DA:103,0
DA:108,0
DA:112,0
DA:113,0
DA:115,0
DA:116,0
DA:119,0
DA:120,0
DA:122,0
DA:123,0
DA:127,0
DA:138,0
DA:139,0
DA:143,0
DA:146,0
DA:150,0
DA:158,0
LF:56
LH:0
BRDA:21,0,0,0
BRDA:21,0,1,0
BRDA:28,1,0,0
BRDA:28,1,1,0
BRDA:43,2,0,0
BRDA:43,2,1,0
BRDA:61,3,0,0
BRDA:61,3,1,0
BRDA:68,4,0,0
BRDA:68,4,1,0
BRDA:77,5,0,0
BRDA:77,5,1,0
BRDA:86,6,0,0
BRDA:86,6,1,0
BRDA:95,7,0,0
BRDA:95,7,1,0
BRDA:96,8,0,0
BRDA:96,8,1,0
BRDA:97,9,0,0
BRDA:97,9,1,0
BRDA:115,10,0,0
BRDA:115,10,1,0
BRDA:122,11,0,0
BRDA:122,11,1,0
BRDA:138,12,0,0
BRDA:138,12,1,0
BRF:26
BRH:0
end_of_record
TN:
SF:app\api\clubs\[id]\hierarchy\route.ts
FN:8,GET
FN:53,(anonymous_2)
FN:54,(anonymous_3)
FN:57,(anonymous_4)
FN:58,(anonymous_5)
FN:61,(anonymous_6)
FN:62,(anonymous_7)
FN:66,(anonymous_8)
FN:67,(anonymous_9)
FNF:9
FNH:0
FNDA:0,GET
FNDA:0,(anonymous_2)
FNDA:0,(anonymous_3)
FNDA:0,(anonymous_4)
FNDA:0,(anonymous_5)
FNDA:0,(anonymous_6)
FNDA:0,(anonymous_7)
FNDA:0,(anonymous_8)
FNDA:0,(anonymous_9)
DA:1,0
DA:2,0
DA:3,0
DA:4,0
DA:5,0
DA:8,0
DA:12,0
DA:13,0
DA:15,0
DA:16,0
DA:22,0
DA:23,0
DA:25,0
DA:26,0
DA:32,0
DA:36,0
DA:37,0
DA:44,0
DA:53,0
DA:54,0
DA:57,0
DA:58,0
DA:61,0
DA:62,0
DA:66,0
DA:67,0
DA:70,0
DA:85,0
DA:86,0
LF:29
LH:0
BRDA:15,0,0,0
BRDA:15,0,1,0
BRDA:25,1,0,0
BRDA:25,1,1,0
BRDA:36,2,0,0
BRDA:36,2,1,0
BRF:6
BRH:0
end_of_record
TN:
SF:app\api\clubs\[id]\managers\route.ts
FN:9,GET
FN:74,POST
FN:155,(anonymous_5)
FNF:3
FNH:0
FNDA:0,GET
FNDA:0,POST
FNDA:0,(anonymous_5)
DA:1,0
DA:2,0
DA:3,0
DA:4,0
DA:5,0
DA:6,0
DA:9,0
DA:13,0
DA:14,0
DA:16,0
DA:17,0
DA:23,0
DA:24,0
DA:26,0
DA:27,0
DA:34,0
DA:38,0
DA:39,0
DA:46,0
DA:63,0
DA:65,0
DA:66,0
DA:74,0
DA:78,0
DA:79,0
DA:81,0
DA:82,0
DA:88,0
DA:89,0
DA:91,0
DA:92,0
DA:99,0
DA:103,0
DA:104,0
DA:110,0
DA:113,0
DA:114,0
DA:115,0
DA:116,0
DA:120,0
DA:121,0
DA:125,0
DA:127,0
DA:128,0
DA:137,0
DA:140,0
DA:145,0
DA:155,0
DA:163,0
DA:165,0
DA:168,0
DA:169,0
DA:170,0
DA:177,0
LF:54
LH:0
BRDA:16,0,0,0
BRDA:16,0,1,0
BRDA:26,1,0,0
BRDA:26,1,1,0
BRDA:38,2,0,0
BRDA:38,2,1,0
BRDA:81,3,0,0
BRDA:81,3,1,0
BRDA:91,4,0,0
BRDA:91,4,1,0
BRDA:103,5,0,0
BRDA:103,5,1,0
BRDA:113,6,0,0
BRDA:113,6,1,0
BRDA:115,7,0,0
BRDA:115,7,1,0
BRDA:120,8,0,0
BRDA:120,8,1,0
BRDA:127,9,0,0
BRDA:127,9,1,0
BRDA:140,10,0,0
BRDA:140,10,1,0
BRDA:140,11,0,0
BRDA:140,11,1,0
BRDA:150,12,0,0
BRDA:150,12,1,0
BRDA:151,13,0,0
BRDA:151,13,1,0
BRDA:152,14,0,0
BRDA:152,14,1,0
BRDA:153,15,0,0
BRDA:153,15,1,0
BRDA:168,16,0,0
BRDA:168,16,1,0
BRDA:169,17,0,0
BRDA:169,17,1,0
BRF:36
BRH:0
end_of_record
TN:
SF:app\api\clubs\[id]\players\route.ts
FN:10,GET
FN:83,POST
FN:159,(anonymous_5)
FNF:3
FNH:0
FNDA:0,GET
FNDA:0,POST
FNDA:0,(anonymous_5)
DA:1,0
DA:2,0
DA:3,0
DA:4,0
DA:5,0
DA:6,0
DA:7,0
DA:10,0
DA:14,0
DA:15,0
DA:17,0
DA:18,0
DA:24,0
DA:25,0
DA:27,0
DA:28,0
DA:35,0
DA:39,0
DA:40,0
DA:47,0
DA:48,0
DA:51,0
DA:53,0
DA:54,0
DA:62,0
DA:72,0
DA:74,0
DA:75,0
DA:83,0
DA:87,0
DA:88,0
DA:90,0
DA:91,0
DA:97,0
DA:98,0
DA:100,0
DA:101,0
DA:108,0
DA:112,0
DA:113,0
DA:119,0
DA:122,0
DA:123,0
DA:124,0
DA:125,0
DA:129,0
DA:131,0
DA:132,0
DA:141,0
DA:144,0
DA:149,0
DA:159,0
DA:169,0
DA:170,0
DA:172,0
DA:174,0
DA:177,0
DA:178,0
DA:179,0
DA:186,0
LF:60
LH:0
BRDA:17,0,0,0
BRDA:17,0,1,0
BRDA:27,1,0,0
BRDA:27,1,1,0
BRDA:39,2,0,0
BRDA:39,2,1,0
BRDA:53,3,0,0
BRDA:53,3,1,0
BRDA:53,4,0,0
BRDA:53,4,1,0
BRDA:90,5,0,0
BRDA:90,5,1,0
BRDA:100,6,0,0
BRDA:100,6,1,0
BRDA:112,7,0,0
BRDA:112,7,1,0
BRDA:122,8,0,0
BRDA:122,8,1,0
BRDA:124,9,0,0
BRDA:124,9,1,0
BRDA:131,10,0,0
BRDA:131,10,1,0
BRDA:144,11,0,0
BRDA:144,11,1,0
BRDA:144,12,0,0
BRDA:144,12,1,0
BRDA:154,13,0,0
BRDA:154,13,1,0
BRDA:155,14,0,0
BRDA:155,14,1,0
BRDA:156,15,0,0
BRDA:156,15,1,0
BRDA:157,16,0,0
BRDA:157,16,1,0
BRDA:177,17,0,0
BRDA:177,17,1,0
BRDA:178,18,0,0
BRDA:178,18,1,0
BRF:38
BRH:0
end_of_record
TN:
SF:app\api\clubs\[id]\players\bulk\route.ts
FN:20,POST
FNF:1
FNH:0
FNDA:0,POST
DA:1,0
DA:2,0
DA:3,0
DA:4,0
DA:5,0
DA:6,0
DA:7,0
DA:20,0
DA:24,0
DA:25,0
DA:27,0
DA:28,0
DA:31,0
DA:32,0
DA:34,0
DA:35,0
DA:42,0
DA:46,0
DA:47,0
DA:53,0
DA:54,0
DA:56,0
DA:58,0
DA:59,0
DA:65,0
DA:66,0
DA:67,0
DA:69,0
DA:70,0
DA:71,0
DA:74,0
DA:75,0
DA:76,0
DA:80,0
DA:81,0
DA:82,0
DA:83,0
DA:88,0
DA:89,0
DA:90,0
DA:91,0
DA:92,0
DA:93,0
DA:94,0
DA:98,0
DA:103,0
DA:108,0
DA:113,0
DA:129,0
DA:130,0
DA:132,0
DA:133,0
DA:138,0
DA:139,0
DA:141,0
DA:149,0
LF:56
LH:0
BRDA:27,0,0,0
BRDA:27,0,1,0
BRDA:34,1,0,0
BRDA:34,1,1,0
BRDA:46,2,0,0
BRDA:46,2,1,0
BRDA:58,3,0,0
BRDA:58,3,1,0
BRDA:58,4,0,0
BRDA:58,4,1,0
BRDA:74,5,0,0
BRDA:74,5,1,0
BRDA:74,6,0,0
BRDA:74,6,1,0
BRDA:80,7,0,0
BRDA:80,7,1,0
BRDA:89,8,0,0
BRDA:89,8,1,0
BRDA:89,9,0,0
BRDA:89,9,1,0
BRDA:89,9,2,0
BRDA:91,10,0,0
BRDA:91,10,1,0
BRDA:91,11,0,0
BRDA:91,11,1,0
BRDA:93,12,0,0
BRDA:93,12,1,0
BRDA:98,13,0,0
BRDA:98,13,1,0
BRDA:103,14,0,0
BRDA:103,14,1,0
BRDA:103,15,0,0
BRDA:103,15,1,0
BRDA:108,16,0,0
BRDA:108,16,1,0
BRDA:108,17,0,0
BRDA:108,17,1,0
BRDA:118,18,0,0
BRDA:118,18,1,0
BRDA:133,19,0,0
BRDA:133,19,1,0
BRDA:145,20,0,0
BRDA:145,20,1,0
BRF:43
BRH:0
end_of_record
TN:
SF:app\api\clubs\[id]\tournaments\route.ts
FN:14,GET
FN:69,POST
FNF:2
FNH:0
FNDA:0,GET
FNDA:0,POST
DA:1,1
DA:2,1
DA:3,1
DA:4,1
DA:5,1
DA:11,1
DA:14,0
DA:18,0
DA:19,0
DA:21,0
DA:22,0
DA:25,0
DA:26,0
DA:28,0
DA:29,0
DA:33,0
DA:37,0
DA:38,0
DA:41,0
DA:62,0
DA:64,0
DA:69,0
DA:73,0
DA:74,0
DA:76,0
DA:77,0
DA:80,0
DA:81,0
DA:83,0
DA:84,0
DA:88,0
DA:92,0
DA:93,0
DA:96,0
DA:99,0
DA:101,0
DA:102,0
DA:116,0
DA:119,0
DA:120,0
DA:124,0
DA:125,0
DA:129,0
DA:153,0
DA:155,0
LF:45
LH:6
BRDA:21,0,0,0
BRDA:21,0,1,0
BRDA:28,1,0,0
BRDA:28,1,1,0
BRDA:37,2,0,0
BRDA:37,2,1,0
BRDA:76,3,0,0
BRDA:76,3,1,0
BRDA:83,4,0,0
BRDA:83,4,1,0
BRDA:92,5,0,0
BRDA:92,5,1,0
BRDA:101,6,0,0
BRDA:101,6,1,0
BRDA:119,7,0,0
BRDA:119,7,1,0
BRDA:124,8,0,0
BRDA:124,8,1,0
BRDA:133,9,0,0
BRDA:133,9,1,0
BRDA:135,10,0,0
BRDA:135,10,1,0
BRDA:136,11,0,0
BRDA:136,11,1,0
BRF:24
BRH:0
end_of_record
TN:
SF:app\api\free-agents\route.ts
FN:6,GET
FN:32,POST
FNF:2
FNH:0
FNDA:0,GET
FNDA:0,POST
DA:1,0
DA:2,0
DA:3,0
DA:4,0
DA:6,0
DA:7,0
DA:8,0
DA:9,0
DA:10,0
DA:13,0
DA:22,0
DA:24,0
DA:25,0
DA:32,0
DA:33,0
DA:34,0
DA:35,0
DA:36,0
DA:39,0
DA:40,0
DA:43,0
DA:44,0
DA:51,0
DA:55,0
DA:56,0
DA:62,0
DA:75,0
DA:77,0
DA:78,0
LF:29
LH:0
BRDA:9,0,0,0
BRDA:9,0,1,0
BRDA:35,1,0,0
BRDA:35,1,1,0
BRDA:43,2,0,0
BRDA:43,2,1,0
BRDA:43,3,0,0
BRDA:43,3,1,0
BRDA:43,3,2,0
BRDA:43,3,3,0
BRDA:43,3,4,0
BRDA:43,3,5,0
BRDA:55,4,0,0
BRDA:55,4,1,0
BRF:14
BRH:0
end_of_record
TN:
SF:app\api\free-agents\[id]\route.ts
FN:6,GET
FN:42,PUT
FN:107,DELETE
FNF:3
FNH:0
FNDA:0,GET
FNDA:0,PUT
FNDA:0,DELETE
DA:1,0
DA:2,0
DA:3,0
DA:4,0
DA:6,0
DA:10,0
DA:11,0
DA:12,0
DA:13,0
DA:16,0
DA:18,0
DA:25,0
DA:26,0
DA:32,0
DA:34,0
DA:35,0
DA:42,0
DA:46,0
DA:47,0
DA:48,0
DA:49,0
DA:52,0
DA:53,0
DA:54,0
DA:57,0
DA:64,0
DA:65,0
DA:72,0
DA:73,0
DA:77,0
DA:78,0
DA:85,0
DA:97,0
DA:99,0
DA:100,0
DA:107,0
DA:111,0
DA:112,0
DA:113,0
DA:114,0
DA:117,0
DA:120,0
DA:127,0
DA:128,0
DA:134,0
DA:138,0
DA:140,0
DA:141,0
LF:48
LH:0
BRDA:12,0,0,0
BRDA:12,0,1,0
BRDA:25,1,0,0
BRDA:25,1,1,0
BRDA:48,2,0,0
BRDA:48,2,1,0
BRDA:64,3,0,0
BRDA:64,3,1,0
BRDA:72,4,0,0
BRDA:72,4,1,0
BRDA:77,5,0,0
BRDA:77,5,1,0
BRDA:113,6,0,0
BRDA:113,6,1,0
BRDA:127,7,0,0
BRDA:127,7,1,0
BRF:16
BRH:0
end_of_record
TN:
SF:app\api\imagekit-auth\route.ts
FN:10,GET
FNF:1
FNH:0
FNDA:0,GET
DA:1,0
DA:2,0
DA:4,0
DA:10,0
DA:11,0
DA:12,0
DA:13,0
DA:15,0
DA:16,0
LF:9
LH:0
BRDA:5,0,0,0
BRDA:5,0,1,0
BRDA:6,1,0,0
BRDA:6,1,1,0
BRDA:7,2,0,0
BRDA:7,2,1,0
BRF:6
BRH:0
end_of_record
TN:
SF:app\api\managers\[id]\route.ts
FN:15,GET
FN:46,(anonymous_5)
FN:58,PUT
FN:95,(anonymous_7)
FN:132,(anonymous_8)
FN:152,DELETE
FN:180,(anonymous_10)
FNF:7
FNH:0
FNDA:0,GET
FNDA:0,(anonymous_5)
FNDA:0,PUT
FNDA:0,(anonymous_7)
FNDA:0,(anonymous_8)
FNDA:0,DELETE
FNDA:0,(anonymous_10)
DA:1,0
DA:2,0
DA:3,0
DA:4,0
DA:5,0
DA:6,0
DA:12,0
DA:15,0
DA:19,0
DA:20,0
DA:22,0
DA:23,0
DA:26,0
DA:27,0
DA:29,0
DA:30,0
DA:33,0
DA:41,0
DA:42,0
DA:46,0
DA:47,0
DA:48,0
DA:51,0
DA:53,0
DA:58,0
DA:62,0
DA:63,0
DA:65,0
DA:66,0
DA:69,0
DA:70,0
DA:72,0
DA:73,0
DA:76,0
DA:79,0
DA:81,0
DA:82,0
DA:86,0
DA:91,0
DA:92,0
DA:95,0
DA:96,0
DA:97,0
DA:100,0
DA:103,0
DA:120,0
DA:122,0
DA:123,0
DA:126,0
DA:131,0
DA:132,0
DA:137,0
DA:145,0
DA:147,0
DA:152,0
DA:156,0
DA:157,0
DA:159,0
DA:160,0
DA:163,0
DA:164,0
DA:166,0
DA:167,0
DA:171,0
DA:176,0
DA:177,0
DA:180,0
DA:181,0
DA:182,0
DA:186,0
DA:194,0
DA:198,0
DA:203,0
DA:208,0
LF:74
LH:0
BRDA:22,0,0,0
BRDA:22,0,1,0
BRDA:29,1,0,0
BRDA:29,1,1,0
BRDA:41,2,0,0
BRDA:41,2,1,0
BRDA:47,3,0,0
BRDA:47,3,1,0
BRDA:65,4,0,0
BRDA:65,4,1,0
BRDA:72,5,0,0
BRDA:72,5,1,0
BRDA:81,6,0,0
BRDA:81,6,1,0
BRDA:91,7,0,0
BRDA:91,7,1,0
BRDA:96,8,0,0
BRDA:96,8,1,0
BRDA:106,9,0,0
BRDA:106,9,1,0
BRDA:107,10,0,0
BRDA:107,10,1,0
BRDA:108,11,0,0
BRDA:108,11,1,0
BRDA:109,12,0,0
BRDA:109,12,1,0
BRDA:110,13,0,0
BRDA:110,13,1,0
BRDA:110,14,0,0
BRDA:110,14,1,0
BRDA:111,15,0,0
BRDA:111,15,1,0
BRDA:120,16,0,0
BRDA:120,16,1,0
BRDA:159,17,0,0
BRDA:159,17,1,0
BRDA:166,18,0,0
BRDA:166,18,1,0
BRDA:176,19,0,0
BRDA:176,19,1,0
BRDA:181,20,0,0
BRDA:181,20,1,0
BRDA:198,21,0,0
BRDA:198,21,1,0
BRDA:198,22,0,0
BRDA:198,22,1,0
BRF:46
BRH:0
end_of_record
TN:
SF:app\api\matches\[id]\route.ts
FN:15,GET
FN:80,PUT
FN:137,(anonymous_6)
FN:144,(anonymous_7)
FN:162,(anonymous_8)
FN:163,(anonymous_9)
FN:171,(anonymous_10)
FN:270,(anonymous_11)
FN:282,(anonymous_12)
FN:302,(anonymous_13)
FN:354,DELETE
FN:394,(anonymous_15)
FNF:12
FNH:0
FNDA:0,GET
FNDA:0,PUT
FNDA:0,(anonymous_6)
FNDA:0,(anonymous_7)
FNDA:0,(anonymous_8)
FNDA:0,(anonymous_9)
FNDA:0,(anonymous_10)
FNDA:0,(anonymous_11)
FNDA:0,(anonymous_12)
FNDA:0,(anonymous_13)
FNDA:0,DELETE
FNDA:0,(anonymous_15)
DA:1,0
DA:2,0
DA:3,0
DA:4,0
DA:5,0
DA:6,0
DA:12,0
DA:15,0
DA:19,0
DA:20,0
DA:22,0
DA:23,0
DA:26,0
DA:27,0
DA:29,0
DA:30,0
DA:33,0
DA:69,0
DA:70,0
DA:73,0
DA:75,0
DA:80,0
DA:84,0
DA:85,0
DA:87,0
DA:88,0
DA:91,0
DA:92,0
DA:94,0
DA:95,0
DA:98,0
DA:101,0
DA:103,0
DA:104,0
DA:107,0
DA:110,0
DA:132,0
DA:133,0
DA:136,0
DA:137,0
DA:140,0
DA:141,0
DA:143,0
DA:144,0
DA:146,0
DA:161,0
DA:162,0
DA:163,0
DA:166,0
DA:171,0
DA:172,0
DA:181,0
DA:184,0
DA:185,0
DA:192,0
DA:194,0
DA:203,0
DA:210,0
DA:211,0
DA:221,0
DA:230,0
DA:232,0
DA:239,0
DA:240,0
DA:250,0
DA:260,0
DA:270,0
DA:271,0
DA:272,0
DA:282,0
DA:284,0
DA:294,0
DA:296,0
DA:301,0
DA:302,0
DA:316,0
DA:342,0
DA:343,0
DA:344,0
DA:347,0
DA:349,0
DA:354,0
DA:358,0
DA:359,0
DA:361,0
DA:362,0
DA:365,0
DA:366,0
DA:368,0
DA:369,0
DA:373,0
DA:389,0
DA:390,0
DA:393,0
DA:394,0
DA:395,0
DA:398,0
DA:403,0
DA:404,0
DA:407,0
DA:415,0
LF:101
LH:0
BRDA:22,0,0,0
BRDA:22,0,1,0
BRDA:29,1,0,0
BRDA:29,1,1,0
BRDA:69,2,0,0
BRDA:69,2,1,0
BRDA:87,3,0,0
BRDA:87,3,1,0
BRDA:94,4,0,0
BRDA:94,4,1,0
BRDA:103,5,0,0
BRDA:103,5,1,0
BRDA:132,6,0,0
BRDA:132,6,1,0
BRDA:143,7,0,0
BRDA:143,7,1,0
BRDA:161,8,0,0
BRDA:161,8,1,0
BRDA:181,9,0,0
BRDA:181,9,1,0
BRDA:184,10,0,0
BRDA:184,10,1,0
BRDA:184,11,0,0
BRDA:184,11,1,0
BRDA:192,12,0,0
BRDA:192,12,1,0
BRDA:210,13,0,0
BRDA:210,13,1,0
BRDA:230,14,0,0
BRDA:230,14,1,0
BRDA:239,15,0,0
BRDA:239,15,1,0
BRDA:287,16,0,0
BRDA:287,16,1,0
BRDA:288,17,0,0
BRDA:288,17,1,0
BRDA:289,18,0,0
BRDA:289,18,1,0
BRDA:294,19,0,0
BRDA:294,19,1,0
BRDA:343,20,0,0
BRDA:343,20,1,0
BRDA:361,21,0,0
BRDA:361,21,1,0
BRDA:368,22,0,0
BRDA:368,22,1,0
BRDA:389,23,0,0
BRDA:389,23,1,0
BRDA:403,24,0,0
BRDA:403,24,1,0
BRF:50
BRH:0
end_of_record
TN:
SF:app\api\players\route.ts
FN:11,GET
FNF:1
FNH:0
FNDA:0,GET
DA:1,0
DA:2,0
DA:3,0
DA:4,0
DA:8,0
DA:11,0
DA:12,0
DA:13,0
DA:15,0
DA:16,0
DA:19,0
DA:34,0
DA:36,0
LF:13
LH:0
BRDA:15,0,0,0
BRDA:15,0,1,0
BRF:2
BRH:0
end_of_record
TN:
SF:app\api\players\[id]\route.ts
FN:9,GET
FN:59,PUT
FN:121,(anonymous_6)
FN:142,(anonymous_7)
FN:180,DELETE
FNF:5
FNH:0
FNDA:0,GET
FNDA:0,PUT
FNDA:0,(anonymous_6)
FNDA:0,(anonymous_7)
FNDA:0,DELETE
DA:1,0
DA:2,0
DA:3,0
DA:4,0
DA:5,0
DA:6,0
DA:9,0
DA:13,0
DA:14,0
DA:16,0
DA:17,0
DA:23,0
DA:24,0
DA:26,0
DA:27,0
DA:33,0
DA:41,0
DA:42,0
DA:48,0
DA:50,0
DA:51,0
DA:59,0
DA:63,0
DA:64,0
DA:66,0
DA:67,0
DA:73,0
DA:74,0
DA:76,0
DA:77,0
DA:84,0
DA:91,0
DA:92,0
DA:98,0
DA:101,0
DA:102,0
DA:106,0
DA:108,0
DA:109,0
DA:118,0
DA:121,0
DA:123,0
DA:136,0
DA:141,0
DA:142,0
DA:149,0
DA:158,0
DA:160,0
DA:163,0
DA:164,0
DA:165,0
DA:172,0
DA:180,0
DA:184,0
DA:185,0
DA:187,0
DA:188,0
DA:194,0
DA:195,0
DA:197,0
DA:198,0
DA:205,0
DA:209,0
DA:210,0
DA:217,0
DA:221,0
DA:226,0
DA:227,0
LF:68
LH:0
BRDA:16,0,0,0
BRDA:16,0,1,0
BRDA:26,1,0,0
BRDA:26,1,1,0
BRDA:41,2,0,0
BRDA:41,2,1,0
BRDA:66,3,0,0
BRDA:66,3,1,0
BRDA:76,4,0,0
BRDA:76,4,1,0
BRDA:91,5,0,0
BRDA:91,5,1,0
BRDA:101,6,0,0
BRDA:101,6,1,0
BRDA:101,7,0,0
BRDA:101,7,1,0
BRDA:108,8,0,0
BRDA:108,8,1,0
BRDA:128,9,0,0
BRDA:128,9,1,0
BRDA:129,10,0,0
BRDA:129,10,1,0
BRDA:130,11,0,0
BRDA:130,11,1,0
BRDA:131,12,0,0
BRDA:131,12,1,0
BRDA:163,13,0,0
BRDA:163,13,1,0
BRDA:164,14,0,0
BRDA:164,14,1,0
BRDA:187,15,0,0
BRDA:187,15,1,0
BRDA:197,16,0,0
BRDA:197,16,1,0
BRDA:209,17,0,0
BRDA:209,17,1,0
BRF:36
BRH:0
end_of_record
TN:
SF:app\api\point-systems\route.ts
FN:16,POST
FN:78,(anonymous_4)
FN:101,GET
FNF:3
FNH:1
FNDA:1,POST
FNDA:0,(anonymous_4)
FNDA:0,GET
DA:1,1
DA:2,1
DA:3,1
DA:4,1
DA:5,1
DA:10,1
DA:16,1
DA:17,1
DA:18,1
DA:20,1
DA:21,0
DA:24,1
DA:27,1
DA:29,1
DA:30,1
DA:46,0
DA:49,0
DA:52,0
DA:56,0
DA:57,0
DA:63,0
DA:78,0
DA:91,0
DA:93,1
DA:101,0
DA:102,0
DA:103,0
DA:105,0
DA:106,0
DA:109,0
DA:110,0
DA:111,0
DA:112,0
DA:115,0
DA:116,0
DA:117,0
DA:120,0
DA:130,0
DA:133,0
DA:180,0
DA:190,0
LF:41
LH:15
BRDA:20,0,0,0
BRDA:20,0,1,1
BRDA:29,1,0,1
BRDA:29,1,1,0
BRDA:49,2,0,0
BRDA:49,2,1,0
BRDA:56,3,0,0
BRDA:56,3,1,0
BRDA:66,4,0,0
BRDA:66,4,1,0
BRDA:72,5,0,0
BRDA:72,5,1,0
BRDA:73,6,0,0
BRDA:73,6,1,0
BRDA:74,7,0,0
BRDA:74,7,1,0
BRDA:75,8,0,0
BRDA:75,8,1,0
BRDA:76,9,0,0
BRDA:76,9,1,0
BRDA:105,10,0,0
BRDA:105,10,1,0
BRDA:110,11,0,0
BRDA:110,11,1,0
BRDA:111,12,0,0
BRDA:111,12,1,0
BRDA:112,13,0,0
BRDA:112,13,1,0
BRDA:120,14,0,0
BRDA:120,14,1,0
BRF:30
BRH:2
end_of_record
TN:
SF:app\api\point-systems\[id]\route.ts
FN:17,GET
FN:66,PUT
FN:151,DELETE
FN:190,(anonymous_7)
FNF:4
FNH:0
FNDA:0,GET
FNDA:0,PUT
FNDA:0,DELETE
FNDA:0,(anonymous_7)
DA:1,1
DA:2,1
DA:3,1
DA:4,1
DA:5,1
DA:11,1
DA:17,0
DA:21,0
DA:22,0
DA:24,0
DA:25,0
DA:28,0
DA:29,0
DA:31,0
DA:32,0
DA:36,0
DA:52,0
DA:53,0
DA:56,0
DA:58,0
DA:66,0
DA:70,0
DA:71,0
DA:73,0
DA:74,0
DA:77,0
DA:78,0
DA:80,0
DA:81,0
DA:84,0
DA:87,0
DA:89,0
DA:90,0
DA:93,0
DA:96,0
DA:100,0
DA:101,0
DA:105,0
DA:106,0
DA:110,0
DA:111,0
DA:118,0
DA:119,0
DA:120,0
DA:121,0
DA:122,0
DA:123,0
DA:124,0
DA:125,0
DA:126,0
DA:127,0
DA:128,0
DA:129,0
DA:130,0
DA:133,0
DA:141,0
DA:143,0
DA:151,0
DA:155,0
DA:156,0
DA:158,0
DA:159,0
DA:162,0
DA:163,0
DA:165,0
DA:166,0
DA:170,0
DA:182,0
DA:183,0
DA:187,0
DA:188,0
DA:190,0
DA:195,0
DA:199,0
DA:203,0
LF:75
LH:6
BRDA:24,0,0,0
BRDA:24,0,1,0
BRDA:31,1,0,0
BRDA:31,1,1,0
BRDA:52,2,0,0
BRDA:52,2,1,0
BRDA:73,3,0,0
BRDA:73,3,1,0
BRDA:80,4,0,0
BRDA:80,4,1,0
BRDA:89,5,0,0
BRDA:89,5,1,0
BRDA:100,6,0,0
BRDA:100,6,1,0
BRDA:105,7,0,0
BRDA:105,7,1,0
BRDA:105,8,0,0
BRDA:105,8,1,0
BRDA:110,9,0,0
BRDA:110,9,1,0
BRDA:119,10,0,0
BRDA:119,10,1,0
BRDA:120,11,0,0
BRDA:120,11,1,0
BRDA:121,12,0,0
BRDA:121,12,1,0
BRDA:122,13,0,0
BRDA:122,13,1,0
BRDA:123,14,0,0
BRDA:123,14,1,0
BRDA:124,15,0,0
BRDA:124,15,1,0
BRDA:125,16,0,0
BRDA:125,16,1,0
BRDA:126,17,0,0
BRDA:126,17,1,0
BRDA:127,18,0,0
BRDA:127,18,1,0
BRDA:128,19,0,0
BRDA:128,19,1,0
BRDA:129,20,0,0
BRDA:129,20,1,0
BRDA:130,21,0,0
BRDA:130,21,1,0
BRDA:158,22,0,0
BRDA:158,22,1,0
BRDA:165,23,0,0
BRDA:165,23,1,0
BRDA:182,24,0,0
BRDA:182,24,1,0
BRDA:187,25,0,0
BRDA:187,25,1,0
BRF:52
BRH:0
end_of_record
TN:
SF:app\api\point-systems\[id]\rules\route.ts
FN:16,POST
FNF:1
FNH:0
FNDA:0,POST
DA:1,1
DA:2,1
DA:3,1
DA:4,1
DA:5,1
DA:10,1
DA:16,0
DA:20,0
DA:21,0
DA:23,0
DA:24,0
DA:27,0
DA:28,0
DA:30,0
DA:31,0
DA:35,0
DA:39,0
DA:40,0
DA:43,0
DA:46,0
DA:48,0
DA:49,0
DA:53,0
DA:56,0
DA:66,0
DA:68,0
LF:26
LH:6
BRDA:23,0,0,0
BRDA:23,0,1,0
BRDA:30,1,0,0
BRDA:30,1,1,0
BRDA:39,2,0,0
BRDA:39,2,1,0
BRDA:48,3,0,0
BRDA:48,3,1,0
BRF:8
BRH:0
end_of_record
TN:
SF:app\api\point-systems\[id]\rules\[ruleId]\route.ts
FN:16,PUT
FN:97,DELETE
FNF:2
FNH:0
FNDA:0,PUT
FNDA:0,DELETE
DA:1,1
DA:2,1
DA:3,1
DA:4,1
DA:5,1
DA:10,1
DA:16,0
DA:20,0
DA:21,0
DA:23,0
DA:24,0
DA:27,0
DA:28,0
DA:29,0
DA:31,0
DA:32,0
DA:35,0
DA:36,0
DA:40,0
DA:44,0
DA:45,0
DA:49,0
DA:53,0
DA:54,0
DA:57,0
DA:58,0
DA:61,0
DA:64,0
DA:66,0
DA:67,0
DA:70,0
DA:73,0
DA:87,0
DA:89,0
DA:97,0
DA:101,0
DA:102,0
DA:104,0
DA:105,0
DA:108,0
DA:109,0
DA:110,0
DA:112,0
DA:113,0
DA:116,0
DA:117,0
DA:121,0
DA:125,0
DA:126,0
DA:130,0
DA:134,0
DA:135,0
DA:138,0
DA:139,0
DA:143,0
DA:147,0
DA:151,0
LF:57
LH:6
BRDA:23,0,0,0
BRDA:23,0,1,0
BRDA:31,1,0,0
BRDA:31,1,1,0
BRDA:35,2,0,0
BRDA:35,2,1,0
BRDA:44,3,0,0
BRDA:44,3,1,0
BRDA:53,4,0,0
BRDA:53,4,1,0
BRDA:57,5,0,0
BRDA:57,5,1,0
BRDA:66,6,0,0
BRDA:66,6,1,0
BRDA:76,7,0,0
BRDA:76,7,1,0
BRDA:79,8,0,0
BRDA:79,8,1,0
BRDA:80,9,0,0
BRDA:80,9,1,0
BRDA:81,10,0,0
BRDA:81,10,1,0
BRDA:104,11,0,0
BRDA:104,11,1,0
BRDA:112,12,0,0
BRDA:112,12,1,0
BRDA:116,13,0,0
BRDA:116,13,1,0
BRDA:125,14,0,0
BRDA:125,14,1,0
BRDA:134,15,0,0
BRDA:134,15,1,0
BRDA:138,16,0,0
BRDA:138,16,1,0
BRF:34
BRH:0
end_of_record
TN:
SF:app\api\public\clubs\route.ts
FN:6,GET
FN:38,(anonymous_2)
FNF:2
FNH:0
FNDA:0,GET
FNDA:0,(anonymous_2)
DA:1,1
DA:2,1
DA:3,1
DA:6,0
DA:7,0
DA:8,0
DA:9,0
DA:10,0
DA:11,0
DA:13,0
DA:37,0
DA:40,0
DA:50,0
DA:68,0
DA:70,0
DA:71,0
DA:77,0
DA:78,0
DA:84,0
DA:85,0
DA:91,0
DA:103,0
DA:112,0
LF:23
LH:3
BRDA:9,0,0,0
BRDA:9,0,1,0
BRDA:10,1,0,0
BRDA:10,1,1,0
BRDA:70,2,0,0
BRDA:70,2,1,0
BRDA:73,3,0,0
BRDA:73,3,1,0
BRDA:77,4,0,0
BRDA:77,4,1,0
BRDA:77,5,0,0
BRDA:77,5,1,0
BRDA:84,6,0,0
BRDA:84,6,1,0
BRF:14
BRH:0
end_of_record
TN:
SF:app\api\public\clubs\[id]\route.ts
FN:6,GET
FN:55,(anonymous_2)
FN:75,(anonymous_3)
FN:87,(anonymous_4)
FNF:4
FNH:0
FNDA:0,GET
FNDA:0,(anonymous_2)
FNDA:0,(anonymous_3)
FNDA:0,(anonymous_4)
DA:1,1
DA:2,1
DA:3,1
DA:6,0
DA:10,0
DA:11,0
DA:12,0
DA:14,0
DA:15,0
DA:18,0
DA:49,0
DA:50,0
DA:54,0
DA:56,0
DA:67,0
DA:68,0
DA:69,0
DA:71,0
DA:75,0
DA:86,0
DA:87,0
DA:89,0
DA:90,0
DA:91,0
DA:92,0
DA:94,0
DA:97,0
DA:109,0
DA:123,0
DA:131,0
DA:149,0
DA:151,0
LF:32
LH:3
BRDA:14,0,0,0
BRDA:14,0,1,0
BRDA:49,1,0,0
BRDA:49,1,1,0
BRDA:67,2,0,0
BRDA:67,2,1,0
BRDA:68,3,0,0
BRDA:68,3,1,0
BRDA:69,4,0,0
BRDA:69,4,1,0
BRDA:78,5,0,0
BRDA:78,5,1,0
BRDA:89,6,0,0
BRDA:89,6,1,0
BRDA:91,7,0,0
BRDA:91,7,1,0
BRDA:91,8,0,0
BRDA:91,8,1,0
BRDA:101,9,0,0
BRDA:101,9,1,0
BRDA:145,10,0,0
BRDA:145,10,1,0
BRF:22
BRH:0
end_of_record
TN:
SF:app\api\public\matches\[id]\route.ts
FN:6,GET
FN:56,(anonymous_2)
FNF:2
FNH:0
FNDA:0,GET
FNDA:0,(anonymous_2)
DA:1,1
DA:2,1
DA:3,1
DA:6,0
DA:10,0
DA:11,0
DA:12,0
DA:14,0
DA:15,0
DA:18,0
DA:51,0
DA:52,0
DA:56,0
DA:71,0
DA:81,0
DA:83,0
LF:16
LH:3
BRDA:14,0,0,0
BRDA:14,0,1,0
BRDA:51,1,0,0
BRDA:51,1,1,0
BRF:4
BRH:0
end_of_record
TN:
SF:app\api\public\players\route.ts
FN:6,GET
FN:62,(anonymous_2)
FN:85,(anonymous_3)
FNF:3
FNH:0
FNDA:0,GET
FNDA:0,(anonymous_2)
FNDA:0,(anonymous_3)
DA:1,0
DA:2,0
DA:3,0
DA:6,0
DA:7,0
DA:8,0
DA:9,0
DA:10,0
DA:11,0
DA:12,0
DA:13,0
DA:16,0
DA:18,0
DA:19,0
DA:26,0
DA:27,0
DA:30,0
DA:61,0
DA:63,0
DA:75,0
DA:76,0
DA:77,0
DA:79,0
DA:85,0
DA:96,0
DA:105,0
LF:26
LH:0
BRDA:9,0,0,0
BRDA:9,0,1,0
BRDA:10,1,0,0
BRDA:10,1,1,0
BRDA:11,2,0,0
BRDA:11,2,1,0
BRDA:18,3,0,0
BRDA:18,3,1,0
BRDA:26,4,0,0
BRDA:26,4,1,0
BRDA:75,5,0,0
BRDA:75,5,1,0
BRDA:76,6,0,0
BRDA:76,6,1,0
BRDA:77,7,0,0
BRDA:77,7,1,0
BRDA:88,8,0,0
BRDA:88,8,1,0
BRDA:89,9,0,0
BRDA:89,9,1,0
BRF:20
BRH:0
end_of_record
TN:
SF:app\api\public\players\[id]\route.ts
FN:6,GET
FN:114,(anonymous_2)
FN:131,(anonymous_3)
FN:144,(anonymous_4)
FN:164,(anonymous_5)
FNF:5
FNH:0
FNDA:0,GET
FNDA:0,(anonymous_2)
FNDA:0,(anonymous_3)
FNDA:0,(anonymous_4)
FNDA:0,(anonymous_5)
DA:1,1
DA:2,1
DA:3,1
DA:6,0
DA:10,0
DA:11,0
DA:12,0
DA:14,0
DA:15,0
DA:18,0
DA:36,0
DA:37,0
DA:41,0
DA:60,0
DA:61,0
DA:62,0
DA:65,0
DA:92,0
DA:113,0
DA:116,0
DA:131,0
DA:133,0
DA:144,0
DA:154,0
DA:164,0
DA:181,0
DA:183,0
LF:27
LH:3
BRDA:14,0,0,0
BRDA:14,0,1,0
BRDA:36,1,0,0
BRDA:36,1,1,0
BRDA:60,2,0,0
BRDA:60,2,1,0
BRDA:61,3,0,0
BRDA:61,3,1,0
BRDA:62,4,0,0
BRDA:62,4,1,0
BRDA:137,5,0,0
BRDA:137,5,1,0
BRDA:161,6,0,0
BRDA:161,6,1,0
BRDA:168,7,0,0
BRDA:168,7,1,0
BRDA:169,8,0,0
BRDA:169,8,1,0
BRDA:170,9,0,0
BRDA:170,9,1,0
BRDA:171,10,0,0
BRDA:171,10,1,0
BRDA:172,11,0,0
BRDA:172,11,1,0
BRDA:173,12,0,0
BRDA:173,12,1,0
BRDA:174,13,0,0
BRDA:174,13,1,0
BRF:28
BRH:0
end_of_record
TN:
SF:app\api\public\tournaments\route.ts
FN:6,GET
FN:60,(anonymous_2)
FNF:2
FNH:0
FNDA:0,GET
FNDA:0,(anonymous_2)
DA:1,1
DA:2,1
DA:3,1
DA:6,0
DA:7,0
DA:8,0
DA:9,0
DA:10,0
DA:11,0
DA:12,0
DA:15,0
DA:16,0
DA:18,0
DA:19,0
DA:20,0
DA:21,0
DA:30,0
DA:31,0
DA:35,0
DA:60,0
DA:61,0
DA:62,0
DA:63,0
DA:66,0
DA:67,0
DA:68,0
DA:69,0
DA:71,0
DA:74,0
DA:85,0
DA:94,0
LF:31
LH:3
BRDA:10,0,0,0
BRDA:10,0,1,0
BRDA:11,1,0,0
BRDA:11,1,1,0
BRDA:18,2,0,0
BRDA:18,2,1,0
BRDA:20,3,0,0
BRDA:20,3,1,0
BRDA:30,4,0,0
BRDA:30,4,1,0
BRDA:66,5,0,0
BRDA:66,5,1,0
BRDA:68,6,0,0
BRDA:68,6,1,0
BRDA:68,7,0,0
BRDA:68,7,1,0
BRDA:78,8,0,0
BRDA:78,8,1,0
BRF:18
BRH:0
end_of_record
TN:
SF:app\api\public\tournaments\[id]\route.ts
FN:6,GET
FN:78,(anonymous_2)
FN:93,(anonymous_3)
FNF:3
FNH:0
FNDA:0,GET
FNDA:0,(anonymous_2)
FNDA:0,(anonymous_3)
DA:1,1
DA:2,1
DA:3,1
DA:6,0
DA:10,0
DA:11,0
DA:12,0
DA:14,0
DA:15,0
DA:18,0
DA:72,0
DA:73,0
DA:77,0
DA:78,0
DA:81,0
DA:93,0
DA:101,0
DA:126,0
DA:128,0
LF:19
LH:3
BRDA:14,0,0,0
BRDA:14,0,1,0
BRDA:72,1,0,0
BRDA:72,1,1,0
BRDA:93,2,0,0
BRDA:93,2,1,0
BRDA:107,3,0,0
BRDA:107,3,1,0
BRDA:121,4,0,0
BRDA:121,4,1,0
BRF:10
BRH:0
end_of_record
TN:
SF:app\api\public\tournaments\[id]\leaderboard\route.ts
FN:6,GET
FN:58,(anonymous_2)
FN:64,(anonymous_3)
FN:75,(anonymous_4)
FNF:4
FNH:0
FNDA:0,GET
FNDA:0,(anonymous_2)
FNDA:0,(anonymous_3)
FNDA:0,(anonymous_4)
DA:1,1
DA:2,1
DA:3,1
DA:6,0
DA:10,0
DA:11,0
DA:12,0
DA:14,0
DA:15,0
DA:19,0
DA:27,0
DA:28,0
DA:32,0
DA:58,0
DA:64,0
DA:65,0
DA:66,0
DA:68,0
DA:69,0
DA:71,0
DA:75,0
DA:95,0
DA:103,0
LF:23
LH:3
BRDA:14,0,0,0
BRDA:14,0,1,0
BRDA:27,1,0,0
BRDA:27,1,1,0
BRDA:65,2,0,0
BRDA:65,2,1,0
BRDA:68,3,0,0
BRDA:68,3,1,0
BRF:8
BRH:0
end_of_record
TN:
SF:app\api\search\route.ts
FN:6,GET
FNF:1
FNH:1
FNDA:11,GET
DA:1,1
DA:2,1
DA:3,1
DA:4,1
DA:6,11
DA:7,11
DA:9,11
DA:10,0
DA:11,0
DA:18,0
DA:19,0
DA:20,0
DA:22,0
DA:23,0
DA:29,0
DA:32,0
DA:33,0
DA:34,0
DA:51,0
DA:52,0
DA:53,0
DA:80,0
DA:85,11
DA:86,11
LF:24
LH:9
BRDA:10,0,0,0
BRDA:10,0,1,0
BRDA:22,1,0,0
BRDA:22,1,1,0
BRDA:22,2,0,0
BRDA:22,2,1,0
BRDA:33,3,0,0
BRDA:33,3,1,0
BRDA:33,4,0,0
BRDA:33,4,1,0
BRDA:52,5,0,0
BRDA:52,5,1,0
BRDA:52,6,0,0
BRDA:52,6,1,0
BRF:14
BRH:0
end_of_record
TN:
SF:app\api\tournaments\route.ts
FN:14,GET
FN:58,POST
FNF:2
FNH:0
FNDA:0,GET
FNDA:0,POST
DA:1,1
DA:2,1
DA:3,1
DA:4,1
DA:5,1
DA:11,1
DA:14,0
DA:15,0
DA:16,0
DA:18,0
DA:19,0
DA:22,0
DA:51,0
DA:53,0
DA:58,0
DA:59,0
DA:60,0
DA:62,0
DA:63,0
DA:66,0
DA:69,0
DA:71,0
DA:72,0
DA:86,0
DA:89,0
DA:90,0
DA:94,0
DA:95,0
DA:99,0
DA:123,0
DA:125,0
LF:31
LH:6
BRDA:18,0,0,0
BRDA:18,0,1,0
BRDA:62,1,0,0
BRDA:62,1,1,0
BRDA:71,2,0,0
BRDA:71,2,1,0
BRDA:89,3,0,0
BRDA:89,3,1,0
BRDA:94,4,0,0
BRDA:94,4,1,0
BRDA:103,5,0,0
BRDA:103,5,1,0
BRDA:105,6,0,0
BRDA:105,6,1,0
BRDA:106,7,0,0
BRDA:106,7,1,0
BRF:16
BRH:0
end_of_record
TN:
SF:app\api\tournaments\[id]\route.ts
FN:14,GET
FN:103,PUT
FN:200,DELETE
FNF:3
FNH:0
FNDA:0,GET
FNDA:0,PUT
FNDA:0,DELETE
DA:1,2
DA:2,2
DA:3,2
DA:4,2
DA:5,2
DA:11,2
DA:14,0
DA:18,0
DA:19,0
DA:21,0
DA:22,0
DA:25,0
DA:26,0
DA:28,0
DA:29,0
DA:32,0
DA:92,0
DA:93,0
DA:96,0
DA:98,0
DA:103,0
DA:107,0
DA:108,0
DA:110,0
DA:111,0
DA:114,0
DA:115,0
DA:117,0
DA:118,0
DA:121,0
DA:124,0
DA:126,0
DA:127,0
DA:131,0
DA:135,0
DA:136,0
DA:150,0
DA:153,0
DA:154,0
DA:158,0
DA:159,0
DA:163,0
DA:193,0
DA:195,0
DA:200,0
DA:204,0
DA:205,0
DA:207,0
DA:208,0
DA:211,0
DA:212,0
DA:214,0
DA:215,0
DA:219,0
DA:231,0
DA:232,0
DA:235,0
DA:236,0
DA:239,0
DA:243,0
DA:252,0
LF:61
LH:6
BRDA:21,0,0,0
BRDA:21,0,1,0
BRDA:28,1,0,0
BRDA:28,1,1,0
BRDA:92,2,0,0
BRDA:92,2,1,0
BRDA:110,3,0,0
BRDA:110,3,1,0
BRDA:117,4,0,0
BRDA:117,4,1,0
BRDA:126,5,0,0
BRDA:126,5,1,0
BRDA:135,6,0,0
BRDA:135,6,1,0
BRDA:153,7,0,0
BRDA:153,7,1,0
BRDA:153,8,0,0
BRDA:153,8,1,0
BRDA:158,9,0,0
BRDA:158,9,1,0
BRDA:166,10,0,0
BRDA:166,10,1,0
BRDA:167,11,0,0
BRDA:167,11,1,0
BRDA:168,12,0,0
BRDA:168,12,1,0
BRDA:169,13,0,0
BRDA:169,13,1,0
BRDA:169,14,0,0
BRDA:169,14,1,0
BRDA:170,15,0,0
BRDA:170,15,1,0
BRDA:171,16,0,0
BRDA:171,16,1,0
BRDA:172,17,0,0
BRDA:172,17,1,0
BRDA:173,18,0,0
BRDA:173,18,1,0
BRDA:174,19,0,0
BRDA:174,19,1,0
BRDA:175,20,0,0
BRDA:175,20,1,0
BRDA:207,21,0,0
BRDA:207,21,1,0
BRDA:214,22,0,0
BRDA:214,22,1,0
BRDA:231,23,0,0
BRDA:231,23,1,0
BRF:48
BRH:0
end_of_record
TN:
SF:app\api\tournaments\[id]\leaderboard\route.ts
FN:13,GET
FN:70,(anonymous_2)
FNF:2
FNH:0
FNDA:0,GET
FNDA:0,(anonymous_2)
DA:1,0
DA:2,0
DA:3,0
DA:4,0
DA:10,0
DA:13,0
DA:17,0
DA:18,0
DA:20,0
DA:21,0
DA:24,0
DA:25,0
DA:27,0
DA:28,0
DA:32,0
DA:45,0
DA:46,0
DA:50,0
DA:70,0
DA:86,0
DA:101,0
LF:21
LH:0
BRDA:20,0,0,0
BRDA:20,0,1,0
BRDA:27,1,0,0
BRDA:27,1,1,0
BRDA:45,2,0,0
BRDA:45,2,1,0
BRF:6
BRH:0
end_of_record
TN:
SF:app\api\tournaments\[id]\matches\route.ts
FN:15,GET
FN:77,POST
FN:214,(anonymous_5)
FN:231,(anonymous_6)
FN:232,(anonymous_7)
FN:240,(anonymous_8)
FN:247,(anonymous_9)
FN:290,(anonymous_10)
FN:330,(anonymous_11)
FN:344,(anonymous_12)
FNF:10
FNH:0
FNDA:0,GET
FNDA:0,POST
FNDA:0,(anonymous_5)
FNDA:0,(anonymous_6)
FNDA:0,(anonymous_7)
FNDA:0,(anonymous_8)
FNDA:0,(anonymous_9)
FNDA:0,(anonymous_10)
FNDA:0,(anonymous_11)
FNDA:0,(anonymous_12)
DA:1,0
DA:2,0
DA:3,0
DA:4,0
DA:5,0
DA:6,0
DA:12,0
DA:15,0
DA:19,0
DA:20,0
DA:22,0
DA:23,0
DA:26,0
DA:27,0
DA:29,0
DA:30,0
DA:34,0
DA:39,0
DA:40,0
DA:44,0
DA:70,0
DA:72,0
DA:77,0
DA:81,0
DA:82,0
DA:84,0
DA:85,0
DA:88,0
DA:89,0
DA:91,0
DA:92,0
DA:95,0
DA:98,0
DA:100,0
DA:101,0
DA:104,0
DA:107,0
DA:120,0
DA:121,0
DA:128,0
DA:129,0
DA:136,0
DA:138,0
DA:147,0
DA:154,0
DA:155,0
DA:165,0
DA:174,0
DA:176,0
DA:183,0
DA:184,0
DA:194,0
DA:204,0
DA:214,0
DA:215,0
DA:230,0
DA:231,0
DA:232,0
DA:235,0
DA:240,0
DA:241,0
DA:247,0
DA:249,0
DA:250,0
DA:259,0
DA:260,0
DA:269,0
DA:270,0
DA:272,0
DA:273,0
DA:275,0
DA:276,0
DA:283,0
DA:284,0
DA:285,0
DA:290,0
DA:292,0
DA:293,0
DA:301,0
DA:303,0
DA:309,0
DA:311,0
DA:319,0
DA:330,0
DA:332,0
DA:343,0
DA:344,0
DA:357,0
DA:377,0
DA:379,0
DA:381,0
LF:91
LH:0
BRDA:22,0,0,0
BRDA:22,0,1,0
BRDA:29,1,0,0
BRDA:29,1,1,0
BRDA:39,2,0,0
BRDA:39,2,1,0
BRDA:84,3,0,0
BRDA:84,3,1,0
BRDA:91,4,0,0
BRDA:91,4,1,0
BRDA:100,5,0,0
BRDA:100,5,1,0
BRDA:120,6,0,0
BRDA:120,6,1,0
BRDA:128,7,0,0
BRDA:128,7,1,0
BRDA:128,8,0,0
BRDA:128,8,1,0
BRDA:136,9,0,0
BRDA:136,9,1,0
BRDA:154,10,0,0
BRDA:154,10,1,0
BRDA:174,11,0,0
BRDA:174,11,1,0
BRDA:183,12,0,0
BRDA:183,12,1,0
BRDA:230,13,0,0
BRDA:230,13,1,0
BRDA:249,14,0,0
BRDA:249,14,1,0
BRDA:270,15,0,0
BRDA:270,15,1,0
BRDA:270,16,0,0
BRDA:270,16,1,0
BRDA:275,17,0,0
BRDA:275,17,1,0
BRDA:283,18,0,0
BRDA:283,18,1,0
BRDA:292,19,0,0
BRDA:292,19,1,0
BRDA:301,20,0,0
BRDA:301,20,1,0
BRDA:309,21,0,0
BRDA:309,21,1,0
BRDA:336,22,0,0
BRDA:336,22,1,0
BRDA:337,23,0,0
BRDA:337,23,1,0
BRDA:338,24,0,0
BRDA:338,24,1,0
BRF:50
BRH:0
end_of_record
TN:
SF:app\api\tournaments\[id]\matches\bulk\route.ts
FN:19,POST
FN:78,(anonymous_2)
FN:81,(anonymous_3)
FN:171,(anonymous_4)
FNF:4
FNH:0
FNDA:0,POST
FNDA:0,(anonymous_2)
FNDA:0,(anonymous_3)
FNDA:0,(anonymous_4)
DA:1,0
DA:2,0
DA:3,0
DA:4,0
DA:5,0
DA:6,0
DA:19,0
DA:23,0
DA:24,0
DA:26,0
DA:27,0
DA:30,0
DA:31,0
DA:33,0
DA:34,0
DA:41,0
DA:52,0
DA:53,0
DA:59,0
DA:60,0
DA:62,0
DA:63,0
DA:69,0
DA:70,0
DA:71,0
DA:72,0
DA:74,0
DA:75,0
DA:77,0
DA:78,0
DA:80,0
DA:81,0
DA:84,0
DA:85,0
DA:86,0
DA:87,0
DA:91,0
DA:92,0
DA:95,0
DA:96,0
DA:98,0
DA:100,0
DA:101,0
DA:102,0
DA:103,0
DA:104,0
DA:105,0
DA:107,0
DA:108,0
DA:109,0
DA:112,0
DA:113,0
DA:120,0
DA:121,0
DA:122,0
DA:124,0
DA:125,0
DA:128,0
DA:129,0
DA:131,0
DA:133,0
DA:134,0
DA:135,0
DA:138,0
DA:139,0
DA:146,0
DA:147,0
DA:148,0
DA:150,0
DA:151,0
DA:154,0
DA:155,0
DA:159,0
DA:160,0
DA:161,0
DA:162,0
DA:163,0
DA:164,0
DA:166,0
DA:167,0
DA:171,0
DA:172,0
DA:173,0
DA:174,0
DA:175,0
DA:177,0
DA:178,0
DA:180,0
DA:183,0
DA:184,0
DA:188,0
DA:189,0
DA:191,0
DA:192,0
DA:196,0
DA:227,0
DA:228,0
DA:230,0
DA:232,0
DA:233,0
DA:238,0
DA:239,0
DA:242,0
DA:250,0
LF:104
LH:0
BRDA:26,0,0,0
BRDA:26,0,1,0
BRDA:33,1,0,0
BRDA:33,1,1,0
BRDA:52,2,0,0
BRDA:52,2,1,0
BRDA:62,3,0,0
BRDA:62,3,1,0
BRDA:62,4,0,0
BRDA:62,4,1,0
BRDA:84,5,0,0
BRDA:84,5,1,0
BRDA:84,6,0,0
BRDA:84,6,1,0
BRDA:91,7,0,0
BRDA:91,7,1,0
BRDA:98,8,0,0
BRDA:98,8,1,0
BRDA:105,9,0,0
BRDA:105,9,1,0
BRDA:112,10,0,0
BRDA:112,10,1,0
BRDA:120,11,0,0
BRDA:120,11,1,0
BRDA:131,12,0,0
BRDA:131,12,1,0
BRDA:138,13,0,0
BRDA:138,13,1,0
BRDA:146,14,0,0
BRDA:146,14,1,0
BRDA:159,15,0,0
BRDA:159,15,1,0
BRDA:162,16,0,0
BRDA:162,16,1,0
BRDA:173,17,0,0
BRDA:173,17,1,0
BRDA:174,18,0,0
BRDA:174,18,1,0
BRDA:188,19,0,0
BRDA:188,19,1,0
BRDA:191,20,0,0
BRDA:191,20,1,0
BRDA:200,21,0,0
BRDA:200,21,1,0
BRDA:232,22,0,0
BRDA:232,22,1,0
BRDA:238,23,0,0
BRDA:238,23,1,0
BRDA:246,24,0,0
BRDA:246,24,1,0
BRF:50
BRH:0
end_of_record
TN:
SF:app\api\tournaments\[id]\participants\route.ts
FN:20,GET
FN:85,POST
FN:140,(anonymous_5)
FN:141,(anonymous_6)
FN:161,(anonymous_7)
FN:168,(anonymous_8)
FNF:6
FNH:0
FNDA:0,GET
FNDA:0,POST
FNDA:0,(anonymous_5)
FNDA:0,(anonymous_6)
FNDA:0,(anonymous_7)
FNDA:0,(anonymous_8)
DA:1,0
DA:2,0
DA:3,0
DA:4,0
DA:5,0
DA:12,0
DA:15,0
DA:20,0
DA:24,0
DA:25,0
DA:27,0
DA:28,0
DA:31,0
DA:32,0
DA:34,0
DA:35,0
DA:39,0
DA:44,0
DA:45,0
DA:49,0
DA:78,0
DA:80,0
DA:85,0
DA:89,0
DA:90,0
DA:92,0
DA:93,0
DA:96,0
DA:97,0
DA:99,0
DA:100,0
DA:103,0
DA:106,0
DA:108,0
DA:109,0
DA:112,0
DA:115,0
DA:123,0
DA:124,0
DA:128,0
DA:139,0
DA:140,0
DA:141,0
DA:142,0
DA:146,0
DA:160,0
DA:161,0
DA:162,0
DA:168,0
DA:173,0
DA:178,0
DA:205,0
DA:213,0
LF:53
LH:0
BRDA:27,0,0,0
BRDA:27,0,1,0
BRDA:34,1,0,0
BRDA:34,1,1,0
BRDA:44,2,0,0
BRDA:44,2,1,0
BRDA:92,3,0,0
BRDA:92,3,1,0
BRDA:99,4,0,0
BRDA:99,4,1,0
BRDA:108,5,0,0
BRDA:108,5,1,0
BRDA:123,6,0,0
BRDA:123,6,1,0
BRDA:139,7,0,0
BRDA:139,7,1,0
BRDA:160,8,0,0
BRDA:160,8,1,0
BRF:18
BRH:0
end_of_record
TN:
SF:app\api\tournaments\[id]\participants\[playerId]\route.ts
FN:13,DELETE
FN:95,(anonymous_2)
FNF:2
FNH:0
FNDA:0,DELETE
FNDA:0,(anonymous_2)
DA:1,0
DA:2,0
DA:3,0
DA:4,0
DA:10,0
DA:13,0
DA:17,0
DA:18,0
DA:20,0
DA:21,0
DA:24,0
DA:25,0
DA:26,0
DA:28,0
DA:29,0
DA:32,0
DA:33,0
DA:37,0
DA:45,0
DA:46,0
DA:50,0
DA:67,0
DA:68,0
DA:72,0
DA:89,0
DA:90,0
DA:93,0
DA:95,0
DA:97,0
DA:107,0
DA:115,0
DA:125,0
DA:136,0
DA:145,0
DA:152,0
LF:35
LH:0
BRDA:20,0,0,0
BRDA:20,0,1,0
BRDA:28,1,0,0
BRDA:28,1,1,0
BRDA:32,2,0,0
BRDA:32,2,1,0
BRDA:45,3,0,0
BRDA:45,3,1,0
BRDA:67,4,0,0
BRDA:67,4,1,0
BRDA:93,5,0,0
BRDA:93,5,1,0
BRF:12
BRH:0
end_of_record
TN:
SF:app\api\tournaments\[id]\recalculate-stats\route.ts
FN:17,POST
FNF:1
FNH:0
FNDA:0,POST
DA:1,0
DA:2,0
DA:3,0
DA:4,0
DA:5,0
DA:11,0
DA:17,0
DA:21,0
DA:22,0
DA:24,0
DA:25,0
DA:28,0
DA:29,0
DA:31,0
DA:32,0
DA:36,0
DA:50,0
DA:51,0
DA:55,0
DA:57,0
DA:68,0
LF:21
LH:0
BRDA:24,0,0,0
BRDA:24,0,1,0
BRDA:31,1,0,0
BRDA:31,1,1,0
BRDA:50,2,0,0
BRDA:50,2,1,0
BRF:6
BRH:0
end_of_record
TN:
SF:app\api\tournaments\[id]\stages\route.ts
FN:7,GET
FN:57,(anonymous_2)
FNF:2
FNH:0
FNDA:0,GET
FNDA:0,(anonymous_2)
DA:1,0
DA:2,0
DA:3,0
DA:4,0
DA:7,0
DA:11,0
DA:12,0
DA:14,0
DA:15,0
DA:21,0
DA:22,0
DA:24,0
DA:25,0
DA:32,0
DA:47,0
DA:48,0
DA:55,0
DA:56,0
DA:57,0
DA:71,0
DA:74,0
DA:75,0
LF:22
LH:0
BRDA:14,0,0,0
BRDA:14,0,1,0
BRDA:24,1,0,0
BRDA:24,1,1,0
BRDA:47,2,0,0
BRDA:47,2,1,0
BRDA:55,3,0,0
BRDA:55,3,1,0
BRF:8
BRH:0
end_of_record
TN:
SF:app\api\transfers\route.ts
FN:6,GET
FN:34,POST
FN:72,(anonymous_5)
FNF:3
FNH:0
FNDA:0,GET
FNDA:0,POST
FNDA:0,(anonymous_5)
DA:1,0
DA:2,0
DA:3,0
DA:4,0
DA:6,0
DA:7,0
DA:8,0
DA:9,0
DA:10,0
DA:13,0
DA:24,0
DA:26,0
DA:27,0
DA:34,0
DA:35,0
DA:36,0
DA:37,0
DA:38,0
DA:41,0
DA:42,0
DA:44,0
DA:45,0
DA:52,0
DA:61,0
DA:62,0
DA:68,0
DA:69,0
DA:72,0
DA:74,0
DA:75,0
DA:82,0
DA:93,0
DA:102,0
DA:110,0
DA:113,0
DA:115,0
DA:116,0
LF:37
LH:0
BRDA:9,0,0,0
BRDA:9,0,1,0
BRDA:37,1,0,0
BRDA:37,1,1,0
BRDA:44,2,0,0
BRDA:44,2,1,0
BRDA:61,3,0,0
BRDA:61,3,1,0
BRDA:74,4,0,0
BRDA:74,4,1,0
BRDA:86,5,0,0
BRDA:86,5,1,0
BRDA:96,6,0,0
BRDA:96,6,1,0
BRDA:105,7,0,0
BRDA:105,7,1,0
BRF:16
BRH:0
end_of_record
TN:
SF:components\Breadcrumb.tsx
FN:15,Breadcrumb
FN:19,(anonymous_3)
FNF:2
FNH:2
FNDA:5,Breadcrumb
FNDA:13,(anonymous_3)
DA:3,1
DA:15,5
DA:20,13
DA:22,13
LF:4
LH:4
BRDA:24,0,0,13
BRDA:38,1,0,5
BRDA:37,2,0,13
BRDA:37,2,1,8
BRF:4
BRH:4
end_of_record
TN:
SF:components\BulkMatchUpload.tsx
FN:45,BulkMatchUpload
FN:94,(anonymous_2)
FN:143,(anonymous_3)
FN:153,(anonymous_4)
FN:154,(anonymous_5)
FN:166,(anonymous_6)
FN:178,(anonymous_7)
FN:180,(anonymous_8)
FN:187,(anonymous_9)
FN:189,(anonymous_10)
FN:200,(anonymous_11)
FN:210,(anonymous_12)
FN:253,(anonymous_13)
FN:291,(anonymous_14)
FN:292,(anonymous_15)
FN:314,(anonymous_16)
FN:326,(anonymous_17)
FN:327,(anonymous_18)
FN:343,(anonymous_19)
FN:345,(anonymous_20)
FN:349,(anonymous_21)
FN:350,(anonymous_22)
FN:356,(anonymous_23)
FN:359,(anonymous_24)
FN:369,(anonymous_25)
FN:372,(anonymous_26)
FN:396,(anonymous_27)
FN:443,(anonymous_28)
FN:463,(anonymous_29)
FN:503,(anonymous_30)
FN:509,(anonymous_31)
FN:527,(anonymous_32)
FN:532,(anonymous_33)
FN:533,(anonymous_34)
FN:546,(anonymous_35)
FN:551,(anonymous_36)
FN:552,(anonymous_37)
FN:567,(anonymous_38)
FN:585,(anonymous_39)
FN:601,(anonymous_40)
FN:639,(anonymous_41)
FN:644,(anonymous_42)
FN:665,(anonymous_43)
FN:680,(anonymous_44)
FN:758,(anonymous_45)
FN:791,(anonymous_46)
FN:808,(anonymous_47)
FN:832,(anonymous_48)
FN:849,(anonymous_49)
FN:880,(anonymous_50)
FN:967,(anonymous_51)
FN:1016,(anonymous_52)
FNF:52
FNH:0
FNDA:0,BulkMatchUpload
FNDA:0,(anonymous_2)
FNDA:0,(anonymous_3)
FNDA:0,(anonymous_4)
FNDA:0,(anonymous_5)
FNDA:0,(anonymous_6)
FNDA:0,(anonymous_7)
FNDA:0,(anonymous_8)
FNDA:0,(anonymous_9)
FNDA:0,(anonymous_10)
FNDA:0,(anonymous_11)
FNDA:0,(anonymous_12)
FNDA:0,(anonymous_13)
FNDA:0,(anonymous_14)
FNDA:0,(anonymous_15)
FNDA:0,(anonymous_16)
FNDA:0,(anonymous_17)
FNDA:0,(anonymous_18)
FNDA:0,(anonymous_19)
FNDA:0,(anonymous_20)
FNDA:0,(anonymous_21)
FNDA:0,(anonymous_22)
FNDA:0,(anonymous_23)
FNDA:0,(anonymous_24)
FNDA:0,(anonymous_25)
FNDA:0,(anonymous_26)
FNDA:0,(anonymous_27)
FNDA:0,(anonymous_28)
FNDA:0,(anonymous_29)
FNDA:0,(anonymous_30)
FNDA:0,(anonymous_31)
FNDA:0,(anonymous_32)
FNDA:0,(anonymous_33)
FNDA:0,(anonymous_34)
FNDA:0,(anonymous_35)
FNDA:0,(anonymous_36)
FNDA:0,(anonymous_37)
FNDA:0,(anonymous_38)
FNDA:0,(anonymous_39)
FNDA:0,(anonymous_40)
FNDA:0,(anonymous_41)
FNDA:0,(anonymous_42)
FNDA:0,(anonymous_43)
FNDA:0,(anonymous_44)
FNDA:0,(anonymous_45)
FNDA:0,(anonymous_46)
FNDA:0,(anonymous_47)
FNDA:0,(anonymous_48)
FNDA:0,(anonymous_49)
FNDA:0,(anonymous_50)
FNDA:0,(anonymous_51)
FNDA:0,(anonymous_52)
DA:3,0
DA:4,0
DA:5,0
DA:45,0
DA:46,0
DA:47,0
DA:48,0
DA:49,0
DA:50,0
DA:51,0
DA:52,0
DA:55,0
DA:56,0
DA:61,0
DA:64,0
DA:80,0
DA:94,0
DA:95,0
DA:97,0
DA:98,0
DA:99,0
DA:100,0
DA:101,0
DA:104,0
DA:105,0
DA:106,0
DA:107,0
DA:110,0
DA:111,0
DA:112,0
DA:113,0
DA:114,0
DA:115,0
DA:119,0
DA:122,0
DA:123,0
DA:124,0
DA:125,0
DA:126,0
DA:128,0
DA:133,0
DA:134,0
DA:135,0
DA:138,0
DA:140,0
DA:143,0
DA:144,0
DA:145,0
DA:146,0
DA:148,0
DA:150,0
DA:153,0
DA:154,0
DA:166,0
DA:167,0
DA:168,0
DA:169,0
DA:170,0
DA:171,0
DA:173,0
DA:174,0
DA:178,0
DA:179,0
DA:180,0
DA:182,0
DA:183,0
DA:184,0
DA:187,0
DA:188,0
DA:189,0
DA:191,0
DA:192,0
DA:193,0
DA:196,0
DA:197,0
DA:199,0
DA:200,0
DA:201,0
DA:210,0
DA:211,0
DA:212,0
DA:214,0
DA:215,0
DA:217,0
DA:218,0
DA:220,0
DA:221,0
DA:223,0
DA:224,0
DA:226,0
DA:227,0
DA:229,0
DA:230,0
DA:232,0
DA:233,0
DA:235,0
DA:236,0
DA:240,0
DA:241,0
DA:242,0
DA:243,0
DA:245,0
DA:249,0
DA:250,0
DA:253,0
DA:254,0
DA:255,0
DA:256,0
DA:259,0
DA:261,0
DA:262,0
DA:270,0
DA:272,0
DA:273,0
DA:274,0
DA:277,0
DA:282,0
DA:283,0
DA:285,0
DA:287,0
DA:291,0
DA:292,0
DA:293,0
DA:314,0
DA:316,0
DA:317,0
DA:318,0
DA:319,0
DA:320,0
DA:321,0
DA:322,0
DA:326,0
DA:327,0
DA:328,0
DA:343,0
DA:344,0
DA:345,0
DA:349,0
DA:350,0
DA:351,0
DA:352,0
DA:355,0
DA:356,0
DA:357,0
DA:358,0
DA:359,0
DA:360,0
DA:363,0
DA:365,0
DA:369,0
DA:371,0
DA:372,0
DA:373,0
DA:374,0
DA:376,0
DA:377,0
DA:379,0
DA:380,0
DA:382,0
DA:383,0
DA:387,0
DA:388,0
DA:389,0
DA:392,0
DA:393,0
DA:395,0
DA:396,0
DA:407,0
DA:415,0
DA:417,0
DA:418,0
DA:419,0
DA:422,0
DA:427,0
DA:428,0
DA:430,0
DA:432,0
DA:443,0
DA:463,0
DA:504,0
DA:509,0
DA:527,0
DA:532,0
DA:534,0
DA:546,0
DA:551,0
DA:553,0
DA:567,0
DA:585,0
DA:602,0
DA:604,0
DA:605,0
DA:606,0
DA:639,0
DA:644,0
DA:666,0
DA:667,0
DA:681,0
DA:682,0
DA:758,0
DA:791,0
DA:808,0
DA:832,0
DA:849,0
DA:881,0
DA:968,0
DA:1017,0
DA:1018,0
DA:1019,0
DA:1021,0
LF:210
LH:0
BRDA:95,0,0,0
BRDA:95,0,1,0
BRDA:97,1,0,0
BRDA:97,1,1,0
BRDA:98,2,0,0
BRDA:98,2,1,0
BRDA:99,3,0,0
BRDA:99,3,1,0
BRDA:100,4,0,0
BRDA:100,4,1,0
BRDA:101,5,0,0
BRDA:101,5,1,0
BRDA:101,6,0,0
BRDA:101,6,1,0
BRDA:101,7,0,0
BRDA:101,7,1,0
BRDA:105,8,0,0
BRDA:105,8,1,0
BRDA:106,9,0,0
BRDA:106,9,1,0
BRDA:107,10,0,0
BRDA:107,10,1,0
BRDA:110,11,0,0
BRDA:110,11,1,0
BRDA:112,12,0,0
BRDA:112,12,1,0
BRDA:113,13,0,0
BRDA:113,13,1,0
BRDA:113,14,0,0
BRDA:113,14,1,0
BRDA:114,15,0,0
BRDA:114,15,1,0
BRDA:114,16,0,0
BRDA:114,16,1,0
BRDA:115,17,0,0
BRDA:115,17,1,0
BRDA:115,18,0,0
BRDA:115,18,1,0
BRDA:122,19,0,0
BRDA:122,19,1,0
BRDA:123,20,0,0
BRDA:123,20,1,0
BRDA:125,21,0,0
BRDA:125,21,1,0
BRDA:133,22,0,0
BRDA:133,22,1,0
BRDA:145,23,0,0
BRDA:145,23,1,0
BRDA:159,24,0,0
BRDA:159,24,1,0
BRDA:160,25,0,0
BRDA:160,25,1,0
BRDA:168,26,0,0
BRDA:168,26,1,0
BRDA:169,27,0,0
BRDA:169,27,1,0
BRDA:169,28,0,0
BRDA:169,28,1,0
BRDA:182,29,0,0
BRDA:182,29,1,0
BRDA:191,30,0,0
BRDA:191,30,1,0
BRDA:211,31,0,0
BRDA:211,31,1,0
BRDA:212,32,0,0
BRDA:212,32,1,0
BRDA:212,32,2,0
BRDA:212,32,3,0
BRDA:212,32,4,0
BRDA:212,32,5,0
BRDA:212,32,6,0
BRDA:212,32,7,0
BRDA:220,33,0,0
BRDA:220,33,1,0
BRDA:223,34,0,0
BRDA:223,34,1,0
BRDA:229,35,0,0
BRDA:229,35,1,0
BRDA:232,36,0,0
BRDA:232,36,1,0
BRDA:235,37,0,0
BRDA:235,37,1,0
BRDA:240,38,0,0
BRDA:240,38,1,0
BRDA:240,39,0,0
BRDA:240,39,1,0
BRDA:242,40,0,0
BRDA:242,40,1,0
BRDA:254,41,0,0
BRDA:254,41,1,0
BRDA:272,42,0,0
BRDA:272,42,1,0
BRDA:273,43,0,0
BRDA:273,43,1,0
BRDA:278,44,0,0
BRDA:278,44,1,0
BRDA:294,45,0,0
BRDA:294,45,1,0
BRDA:294,46,0,0
BRDA:294,46,1,0
BRDA:295,47,0,0
BRDA:295,47,1,0
BRDA:295,48,0,0
BRDA:295,48,1,0
BRDA:296,49,0,0
BRDA:296,49,1,0
BRDA:296,50,0,0
BRDA:296,50,1,0
BRDA:296,51,0,0
BRDA:296,51,1,0
BRDA:297,52,0,0
BRDA:297,52,1,0
BRDA:297,53,0,0
BRDA:297,53,1,0
BRDA:298,54,0,0
BRDA:298,54,1,0
BRDA:298,55,0,0
BRDA:298,55,1,0
BRDA:344,56,0,0
BRDA:344,56,1,0
BRDA:351,57,0,0
BRDA:351,57,1,0
BRDA:355,58,0,0
BRDA:355,58,1,0
BRDA:357,59,0,0
BRDA:357,59,1,0
BRDA:358,60,0,0
BRDA:358,60,1,0
BRDA:360,61,0,0
BRDA:360,61,1,0
BRDA:373,62,0,0
BRDA:373,62,1,0
BRDA:373,63,0,0
BRDA:373,63,1,0
BRDA:376,64,0,0
BRDA:376,64,1,0
BRDA:376,65,0,0
BRDA:376,65,1,0
BRDA:379,66,0,0
BRDA:379,66,1,0
BRDA:379,67,0,0
BRDA:379,67,1,0
BRDA:382,68,0,0
BRDA:382,68,1,0
BRDA:387,69,0,0
BRDA:387,69,1,0
BRDA:402,70,0,0
BRDA:402,70,1,0
BRDA:403,71,0,0
BRDA:403,71,1,0
BRDA:404,72,0,0
BRDA:404,72,1,0
BRDA:417,73,0,0
BRDA:417,73,1,0
BRDA:418,74,0,0
BRDA:418,74,1,0
BRDA:423,75,0,0
BRDA:423,75,1,0
BRDA:445,76,0,0
BRDA:445,76,1,0
BRDA:451,77,0,0
BRDA:451,77,1,0
BRDA:459,78,0,0
BRDA:459,78,1,0
BRDA:465,79,0,0
BRDA:465,79,1,0
BRDA:471,80,0,0
BRDA:471,80,1,0
BRDA:479,81,0,0
BRDA:479,81,1,0
BRDA:486,82,0,0
BRDA:507,83,0,0
BRDA:571,84,0,0
BRDA:589,85,0,0
BRDA:600,86,0,0
BRDA:600,86,1,0
BRDA:604,87,0,0
BRDA:604,87,1,0
BRDA:613,88,0,0
BRDA:616,89,0,0
BRDA:620,90,0,0
BRDA:620,90,1,0
BRDA:622,91,0,0
BRDA:622,91,1,0
BRDA:664,92,0,0
BRDA:664,92,1,0
BRDA:666,93,0,0
BRDA:666,93,1,0
BRDA:667,94,0,0
BRDA:667,94,1,0
BRDA:679,95,0,0
BRDA:679,95,1,0
BRDA:681,96,0,0
BRDA:681,96,1,0
BRDA:682,97,0,0
BRDA:682,97,1,0
BRDA:696,98,0,0
BRDA:696,98,1,0
BRDA:702,99,0,0
BRDA:706,100,0,0
BRDA:716,101,0,0
BRDA:726,102,0,0
BRDA:736,103,0,0
BRDA:754,104,0,0
BRDA:762,105,0,0
BRDA:762,105,1,0
BRDA:781,106,0,0
BRDA:790,107,0,0
BRDA:790,107,1,0
BRDA:795,108,0,0
BRDA:795,108,1,0
BRDA:796,109,0,0
BRDA:796,109,1,0
BRDA:796,110,0,0
BRDA:796,110,1,0
BRDA:797,111,0,0
BRDA:797,111,1,0
BRDA:797,112,0,0
BRDA:797,112,1,0
BRDA:797,113,0,0
BRDA:797,113,1,0
BRDA:798,114,0,0
BRDA:798,114,1,0
BRDA:799,115,0,0
BRDA:799,115,1,0
BRDA:803,116,0,0
BRDA:803,116,1,0
BRDA:803,117,0,0
BRDA:803,117,1,0
BRDA:807,118,0,0
BRDA:807,118,1,0
BRDA:816,119,0,0
BRDA:816,120,0,0
BRDA:816,120,1,0
BRDA:818,121,0,0
BRDA:818,121,1,0
BRDA:818,122,0,0
BRDA:818,122,1,0
BRDA:831,123,0,0
BRDA:831,123,1,0
BRDA:836,124,0,0
BRDA:836,124,1,0
BRDA:837,125,0,0
BRDA:837,125,1,0
BRDA:837,126,0,0
BRDA:837,126,1,0
BRDA:838,127,0,0
BRDA:838,127,1,0
BRDA:838,128,0,0
BRDA:838,128,1,0
BRDA:838,129,0,0
BRDA:838,129,1,0
BRDA:839,130,0,0
BRDA:839,130,1,0
BRDA:840,131,0,0
BRDA:840,131,1,0
BRDA:844,132,0,0
BRDA:844,132,1,0
BRDA:844,133,0,0
BRDA:844,133,1,0
BRDA:848,134,0,0
BRDA:848,134,1,0
BRDA:857,135,0,0
BRDA:857,136,0,0
BRDA:857,136,1,0
BRDA:859,137,0,0
BRDA:859,137,1,0
BRDA:859,138,0,0
BRDA:859,138,1,0
BRDA:876,139,0,0
BRDA:895,140,0,0
BRDA:916,141,0,0
BRDA:954,142,0,0
BRDA:963,143,0,0
BRDA:975,144,0,0
BRDA:983,145,0,0
BRDA:983,145,1,0
BRDA:987,146,0,0
BRDA:1026,147,0,0
BRDA:1031,148,0,0
BRDA:1041,149,0,0
BRDA:1046,150,0,0
BRDA:1058,151,0,0
BRF:283
BRH:0
end_of_record
TN:
SF:components\BulkMemberUpload.tsx
FN:34,BulkMemberUpload
FN:48,(anonymous_2)
FN:60,(anonymous_3)
FN:62,(anonymous_4)
FN:69,(anonymous_5)
FN:71,(anonymous_6)
FN:82,(anonymous_7)
FN:88,(anonymous_8)
FN:132,(anonymous_9)
FN:194,(anonymous_10)
FN:195,(anonymous_11)
FN:196,(anonymous_12)
FN:211,(anonymous_13)
FN:212,(anonymous_14)
FN:217,(anonymous_15)
FN:221,(anonymous_16)
FN:222,(anonymous_17)
FN:222,(anonymous_18)
FN:227,(anonymous_19)
FN:229,(anonymous_20)
FN:292,(anonymous_21)
FN:341,(anonymous_22)
FN:374,(anonymous_23)
FN:439,(anonymous_24)
FN:450,(anonymous_25)
FN:465,(anonymous_26)
FN:473,(anonymous_27)
FN:479,(anonymous_28)
FN:485,(anonymous_29)
FN:495,(anonymous_30)
FN:503,(anonymous_31)
FN:509,(anonymous_32)
FN:515,(anonymous_33)
FN:519,(anonymous_34)
FN:531,(anonymous_35)
FN:536,(anonymous_36)
FN:568,(anonymous_37)
FN:568,(anonymous_38)
FN:604,(anonymous_39)
FN:690,(anonymous_40)
FN:755,(anonymous_41)
FNF:41
FNH:0
FNDA:0,BulkMemberUpload
FNDA:0,(anonymous_2)
FNDA:0,(anonymous_3)
FNDA:0,(anonymous_4)
FNDA:0,(anonymous_5)
FNDA:0,(anonymous_6)
FNDA:0,(anonymous_7)
FNDA:0,(anonymous_8)
FNDA:0,(anonymous_9)
FNDA:0,(anonymous_10)
FNDA:0,(anonymous_11)
FNDA:0,(anonymous_12)
FNDA:0,(anonymous_13)
FNDA:0,(anonymous_14)
FNDA:0,(anonymous_15)
FNDA:0,(anonymous_16)
FNDA:0,(anonymous_17)
FNDA:0,(anonymous_18)
FNDA:0,(anonymous_19)
FNDA:0,(anonymous_20)
FNDA:0,(anonymous_21)
FNDA:0,(anonymous_22)
FNDA:0,(anonymous_23)
FNDA:0,(anonymous_24)
FNDA:0,(anonymous_25)
FNDA:0,(anonymous_26)
FNDA:0,(anonymous_27)
FNDA:0,(anonymous_28)
FNDA:0,(anonymous_29)
FNDA:0,(anonymous_30)
FNDA:0,(anonymous_31)
FNDA:0,(anonymous_32)
FNDA:0,(anonymous_33)
FNDA:0,(anonymous_34)
FNDA:0,(anonymous_35)
FNDA:0,(anonymous_36)
FNDA:0,(anonymous_37)
FNDA:0,(anonymous_38)
FNDA:0,(anonymous_39)
FNDA:0,(anonymous_40)
FNDA:0,(anonymous_41)
DA:3,0
DA:4,0
DA:7,0
DA:8,0
DA:9,0
DA:10,0
DA:11,0
DA:34,0
DA:35,0
DA:36,0
DA:37,0
DA:38,0
DA:39,0
DA:40,0
DA:41,0
DA:44,0
DA:48,0
DA:49,0
DA:50,0
DA:51,0
DA:52,0
DA:53,0
DA:55,0
DA:56,0
DA:60,0
DA:61,0
DA:62,0
DA:64,0
DA:65,0
DA:66,0
DA:69,0
DA:70,0
DA:71,0
DA:73,0
DA:74,0
DA:75,0
DA:78,0
DA:79,0
DA:81,0
DA:82,0
DA:83,0
DA:88,0
DA:89,0
DA:90,0
DA:92,0
DA:93,0
DA:95,0
DA:96,0
DA:98,0
DA:99,0
DA:101,0
DA:102,0
DA:104,0
DA:105,0
DA:107,0
DA:108,0
DA:111,0
DA:112,0
DA:114,0
DA:115,0
DA:119,0
DA:120,0
DA:121,0
DA:122,0
DA:124,0
DA:128,0
DA:129,0
DA:132,0
DA:133,0
DA:134,0
DA:135,0
DA:138,0
DA:140,0
DA:141,0
DA:149,0
DA:151,0
DA:152,0
DA:153,0
DA:157,0
DA:158,0
DA:159,0
DA:163,0
DA:164,0
DA:169,0
DA:171,0
DA:175,0
DA:176,0
DA:177,0
DA:179,0
DA:180,0
DA:183,0
DA:185,0
DA:186,0
DA:188,0
DA:190,0
DA:194,0
DA:195,0
DA:196,0
DA:197,0
DA:211,0
DA:212,0
DA:213,0
DA:214,0
DA:215,0
DA:217,0
DA:221,0
DA:222,0
DA:223,0
DA:227,0
DA:229,0
DA:231,0
DA:232,0
DA:233,0
DA:236,0
DA:238,0
DA:239,0
DA:247,0
DA:249,0
DA:250,0
DA:251,0
DA:255,0
DA:256,0
DA:257,0
DA:261,0
DA:262,0
DA:267,0
DA:269,0
DA:273,0
DA:274,0
DA:275,0
DA:277,0
DA:278,0
DA:281,0
DA:283,0
DA:284,0
DA:286,0
DA:288,0
DA:292,0
DA:294,0
DA:312,0
DA:313,0
DA:314,0
DA:315,0
DA:316,0
DA:317,0
DA:318,0
DA:341,0
DA:374,0
DA:440,0
DA:450,0
DA:465,0
DA:473,0
DA:479,0
DA:486,0
DA:487,0
DA:488,0
DA:489,0
DA:490,0
DA:495,0
DA:504,0
DA:505,0
DA:509,0
DA:515,0
DA:519,0
DA:531,0
DA:536,0
DA:568,0
DA:605,0
DA:691,0
DA:756,0
LF:170
LH:0
BRDA:50,0,0,0
BRDA:50,0,1,0
BRDA:51,1,0,0
BRDA:51,1,1,0
BRDA:51,2,0,0
BRDA:51,2,1,0
BRDA:64,3,0,0
BRDA:64,3,1,0
BRDA:73,4,0,0
BRDA:73,4,1,0
BRDA:89,5,0,0
BRDA:89,5,1,0
BRDA:90,6,0,0
BRDA:90,6,1,0
BRDA:90,6,2,0
BRDA:90,6,3,0
BRDA:90,6,4,0
BRDA:90,6,5,0
BRDA:90,6,6,0
BRDA:90,6,7,0
BRDA:90,6,8,0
BRDA:119,7,0,0
BRDA:119,7,1,0
BRDA:121,8,0,0
BRDA:121,8,1,0
BRDA:121,9,0,0
BRDA:121,9,1,0
BRDA:133,10,0,0
BRDA:133,10,1,0
BRDA:151,11,0,0
BRDA:151,11,1,0
BRDA:152,12,0,0
BRDA:152,12,1,0
BRDA:157,13,0,0
BRDA:157,13,1,0
BRDA:158,14,0,0
BRDA:158,14,1,0
BRDA:163,15,0,0
BRDA:163,15,1,0
BRDA:163,16,0,0
BRDA:163,16,1,0
BRDA:176,17,0,0
BRDA:176,17,1,0
BRDA:179,18,0,0
BRDA:179,18,1,0
BRDA:179,19,0,0
BRDA:179,19,1,0
BRDA:183,20,0,0
BRDA:183,20,1,0
BRDA:183,21,0,0
BRDA:183,21,1,0
BRDA:213,22,0,0
BRDA:213,22,1,0
BRDA:223,23,0,0
BRDA:223,23,1,0
BRDA:231,24,0,0
BRDA:231,24,1,0
BRDA:249,25,0,0
BRDA:249,25,1,0
BRDA:250,26,0,0
BRDA:250,26,1,0
BRDA:255,27,0,0
BRDA:255,27,1,0
BRDA:256,28,0,0
BRDA:256,28,1,0
BRDA:261,29,0,0
BRDA:261,29,1,0
BRDA:261,30,0,0
BRDA:261,30,1,0
BRDA:274,31,0,0
BRDA:274,31,1,0
BRDA:277,32,0,0
BRDA:277,32,1,0
BRDA:277,33,0,0
BRDA:277,33,1,0
BRDA:281,34,0,0
BRDA:281,34,1,0
BRDA:281,35,0,0
BRDA:281,35,1,0
BRDA:343,36,0,0
BRDA:343,36,1,0
BRDA:350,37,0,0
BRDA:350,37,1,0
BRDA:354,38,0,0
BRDA:354,38,1,0
BRDA:363,39,0,0
BRDA:376,40,0,0
BRDA:376,40,1,0
BRDA:383,41,0,0
BRDA:383,41,1,0
BRDA:387,42,0,0
BRDA:387,42,1,0
BRDA:396,43,0,0
BRDA:410,44,0,0
BRDA:423,45,0,0
BRDA:423,45,1,0
BRDA:448,46,0,0
BRDA:478,47,0,0
BRDA:478,47,1,0
BRDA:484,48,0,0
BRDA:484,48,1,0
BRDA:488,49,0,0
BRDA:488,49,1,0
BRDA:498,50,0,0
BRDA:502,51,0,0
BRDA:502,51,1,0
BRDA:514,52,0,0
BRDA:514,52,1,0
BRDA:518,53,0,0
BRDA:518,53,1,0
BRDA:519,54,0,0
BRDA:519,54,1,0
BRDA:519,55,0,0
BRDA:519,55,1,0
BRDA:530,56,0,0
BRDA:530,56,1,0
BRDA:535,57,0,0
BRDA:535,57,1,0
BRDA:556,58,0,0
BRDA:568,59,0,0
BRDA:568,59,1,0
BRDA:578,60,0,0
BRDA:659,61,0,0
BRDA:673,62,0,0
BRDA:684,63,0,0
BRDA:684,63,1,0
BRDA:704,64,0,0
BRDA:716,65,0,0
BRDA:716,65,1,0
BRDA:721,66,0,0
BRDA:721,66,1,0
BRDA:725,67,0,0
BRDA:759,68,0,0
BRDA:759,68,1,0
BRDA:761,69,0,0
BRDA:761,69,1,0
BRDA:761,70,0,0
BRDA:761,70,1,0
BRDA:765,71,0,0
BRDA:765,71,1,0
BRF:140
BRH:0
end_of_record
TN:
SF:components\ClubDetails.tsx
FN:82,RoleBadge
FN:94,MemberCard
FN:151,(anonymous_4)
FN:177,ClubDetails
FN:186,(anonymous_6)
FN:190,(anonymous_7)
FN:213,(anonymous_8)
FN:280,(anonymous_9)
FN:300,(anonymous_10)
FN:392,(anonymous_11)
FN:395,(anonymous_12)
FN:403,(anonymous_13)
FN:404,(anonymous_14)
FN:424,(anonymous_15)
FNF:14
FNH:0
FNDA:0,RoleBadge
FNDA:0,MemberCard
FNDA:0,(anonymous_4)
FNDA:0,ClubDetails
FNDA:0,(anonymous_6)
FNDA:0,(anonymous_7)
FNDA:0,(anonymous_8)
FNDA:0,(anonymous_9)
FNDA:0,(anonymous_10)
FNDA:0,(anonymous_11)
FNDA:0,(anonymous_12)
FNDA:0,(anonymous_13)
FNDA:0,(anonymous_14)
FNDA:0,(anonymous_15)
DA:3,0
DA:4,0
DA:5,0
DA:8,0
DA:47,0
DA:83,0
DA:103,0
DA:104,0
DA:105,0
DA:152,0
DA:177,0
DA:178,0
DA:179,0
DA:180,0
DA:182,0
DA:186,0
DA:187,0
DA:190,0
DA:191,0
DA:192,0
DA:193,0
DA:197,0
DA:198,0
DA:199,0
DA:202,0
DA:203,0
DA:205,0
DA:206,0
DA:207,0
DA:212,0
DA:213,0
DA:214,0
DA:216,0
DA:280,0
DA:301,0
DA:394,0
DA:395,0
DA:396,0
DA:397,0
DA:402,0
DA:403,0
DA:406,0
DA:407,0
DA:424,0
LF:44
LH:0
BRDA:83,0,0,0
BRDA:83,0,1,0
BRDA:103,1,0,0
BRDA:103,1,1,0
BRDA:104,2,0,0
BRDA:104,2,1,0
BRDA:117,3,0,0
BRDA:129,4,0,0
BRDA:141,5,0,0
BRDA:197,6,0,0
BRDA:197,6,1,0
BRDA:199,7,0,0
BRDA:199,7,1,0
BRDA:205,8,0,0
BRDA:205,8,1,0
BRDA:240,9,0,0
BRDA:258,10,0,0
BRDA:327,11,0,0
BRDA:327,11,1,0
BRDA:352,12,0,0
BRDA:396,13,0,0
BRDA:396,13,1,0
BRDA:406,14,0,0
BRDA:406,14,1,0
BRF:24
BRH:0
end_of_record
TN:
SF:components\ClubForm.tsx
FN:36,ClubForm
FN:48,(anonymous_2)
FN:56,(anonymous_3)
FN:66,(anonymous_4)
FN:129,(anonymous_5)
FN:137,(anonymous_6)
FN:161,(anonymous_7)
FN:181,(anonymous_8)
FN:205,(anonymous_9)
FN:231,(anonymous_10)
FNF:10
FNH:8
FNDA:38,ClubForm
FNDA:8,(anonymous_2)
FNDA:2,(anonymous_3)
FNDA:8,(anonymous_4)
FNDA:2,(anonymous_5)
FNDA:8,(anonymous_6)
FNDA:7,(anonymous_7)
FNDA:0,(anonymous_8)
FNDA:1,(anonymous_9)
FNDA:0,(anonymous_10)
DA:3,1
DA:4,1
DA:5,1
DA:6,1
DA:7,1
DA:8,1
DA:9,1
DA:10,1
DA:13,1
DA:36,19
DA:37,38
DA:38,38
DA:39,38
DA:40,38
DA:42,38
DA:48,38
DA:49,8
DA:50,8
DA:51,6
DA:52,6
DA:54,2
DA:55,2
DA:56,2
DA:57,2
DA:58,2
DA:60,2
DA:62,2
DA:66,38
DA:67,8
DA:69,8
DA:70,2
DA:73,6
DA:74,6
DA:76,6
DA:77,6
DA:81,6
DA:83,6
DA:95,5
DA:97,5
DA:98,2
DA:99,1
DA:101,1
DA:103,2
DA:104,2
DA:108,3
DA:114,3
DA:115,2
DA:117,1
DA:119,3
DA:121,1
DA:122,1
DA:123,1
DA:125,6
DA:129,38
DA:130,2
DA:131,1
DA:133,1
DA:137,38
DA:138,8
DA:140,8
DA:141,1
DA:161,7
DA:181,0
DA:205,1
DA:231,0
LF:65
LH:63
BRDA:43,0,0,38
BRDA:43,0,1,32
BRDA:44,1,0,38
BRDA:44,1,1,33
BRDA:45,2,0,38
BRDA:45,2,1,33
BRDA:54,3,0,2
BRDA:54,3,1,0
BRDA:69,4,0,2
BRDA:69,4,1,6
BRDA:77,5,0,5
BRDA:77,5,1,1
BRDA:81,6,0,5
BRDA:81,6,1,1
BRDA:90,7,0,6
BRDA:90,7,1,5
BRDA:91,8,0,6
BRDA:91,8,1,5
BRDA:97,9,0,2
BRDA:97,9,1,3
BRDA:98,10,0,1
BRDA:98,10,1,1
BRDA:101,11,0,1
BRDA:101,11,1,0
BRDA:103,12,0,2
BRDA:103,12,1,1
BRDA:109,13,0,2
BRDA:109,13,1,1
BRDA:114,14,0,2
BRDA:114,14,1,1
BRDA:130,15,0,1
BRDA:130,15,1,1
BRDA:130,16,0,2
BRDA:130,16,1,1
BRDA:140,17,0,1
BRDA:140,17,1,7
BRDA:207,18,0,1
BRDA:207,18,1,37
BRDA:213,19,0,1
BRDA:213,19,1,37
BRDA:214,20,0,1
BRDA:214,20,1,37
BRDA:216,21,0,38
BRDA:227,22,0,38
BRDA:254,23,0,32
BRF:45
BRH:43
end_of_record
TN:
SF:components\ClubLeaderboardClient.tsx
FN:33,ClubLeaderboardClient
FN:43,(anonymous_3)
FN:55,(anonymous_4)
FN:58,(anonymous_5)
FN:93,(anonymous_6)
FNF:5
FNH:0
FNDA:0,ClubLeaderboardClient
FNDA:0,(anonymous_3)
FNDA:0,(anonymous_4)
FNDA:0,(anonymous_5)
FNDA:0,(anonymous_6)
DA:3,0
DA:4,0
DA:33,0
DA:34,0
DA:43,0
DA:56,0
DA:58,0
DA:94,0
LF:8
LH:0
BRDA:45,0,0,0
BRDA:45,0,1,0
BRDA:60,1,0,0
BRDA:60,1,1,0
BRDA:97,2,0,0
BRDA:102,3,0,0
BRDA:107,4,0,0
BRDA:112,5,0,0
BRDA:120,6,0,0
BRDA:145,7,0,0
BRDA:145,7,1,0
BRDA:146,8,0,0
BRDA:146,8,1,0
BRDA:148,9,0,0
BRDA:148,9,1,0
BRDA:166,10,0,0
BRDA:175,11,0,0
BRDA:175,11,1,0
BRF:18
BRH:0
end_of_record
TN:
SF:components\ClubsList.tsx
FN:32,ClubsList
FN:47,(anonymous_3)
FN:51,(anonymous_4)
FN:57,(anonymous_5)
FN:64,(anonymous_6)
FN:73,(anonymous_7)
FN:78,(anonymous_8)
FN:84,(anonymous_9)
FN:88,(anonymous_10)
FN:107,(anonymous_11)
FN:138,(anonymous_12)
FN:151,(anonymous_13)
FN:181,(anonymous_14)
FN:189,(anonymous_15)
FN:204,(anonymous_16)
FN:303,(anonymous_17)
FN:346,(anonymous_18)
FN:370,(anonymous_19)
FN:399,(anonymous_20)
FNF:19
FNH:0
FNDA:0,ClubsList
FNDA:0,(anonymous_3)
FNDA:0,(anonymous_4)
FNDA:0,(anonymous_5)
FNDA:0,(anonymous_6)
FNDA:0,(anonymous_7)
FNDA:0,(anonymous_8)
FNDA:0,(anonymous_9)
FNDA:0,(anonymous_10)
FNDA:0,(anonymous_11)
FNDA:0,(anonymous_12)
FNDA:0,(anonymous_13)
FNDA:0,(anonymous_14)
FNDA:0,(anonymous_15)
FNDA:0,(anonymous_16)
FNDA:0,(anonymous_17)
FNDA:0,(anonymous_18)
FNDA:0,(anonymous_19)
FNDA:0,(anonymous_20)
DA:3,0
DA:4,0
DA:5,0
DA:6,0
DA:7,0
DA:8,0
DA:9,0
DA:10,0
DA:11,0
DA:12,0
DA:32,0
DA:33,0
DA:34,0
DA:35,0
DA:36,0
DA:37,0
DA:38,0
DA:39,0
DA:40,0
DA:45,0
DA:47,0
DA:48,0
DA:51,0
DA:52,0
DA:53,0
DA:57,0
DA:58,0
DA:61,0
DA:62,0
DA:63,0
DA:65,0
DA:71,0
DA:72,0
DA:73,0
DA:76,0
DA:77,0
DA:78,0
DA:83,0
DA:84,0
DA:85,0
DA:88,0
DA:89,0
DA:91,0
DA:93,0
DA:95,0
DA:97,0
DA:99,0
DA:106,0
DA:107,0
DA:108,0
DA:110,0
DA:112,0
DA:113,0
DA:115,0
DA:116,0
DA:118,0
DA:119,0
DA:121,0
DA:124,0
DA:129,0
DA:130,0
DA:131,0
DA:132,0
DA:133,0
DA:135,0
DA:138,0
DA:139,0
DA:140,0
DA:141,0
DA:143,0
DA:144,0
DA:147,0
DA:150,0
DA:152,0
DA:153,0
DA:154,0
DA:155,0
DA:156,0
DA:167,0
DA:169,0
DA:173,0
DA:175,0
DA:177,0
DA:181,0
DA:182,0
DA:189,0
DA:190,0
DA:192,0
DA:193,0
DA:194,0
DA:198,0
DA:199,0
DA:200,0
DA:204,0
DA:205,0
DA:206,0
DA:208,0
DA:210,0
DA:214,0
DA:225,0
DA:304,0
DA:347,0
DA:370,0
DA:399,0
LF:104
LH:0
BRDA:61,0,0,0
BRDA:61,0,1,0
BRDA:65,1,0,0
BRDA:65,1,1,0
BRDA:71,2,0,0
BRDA:71,2,1,0
BRDA:73,3,0,0
BRDA:73,3,1,0
BRDA:76,4,0,0
BRDA:76,4,1,0
BRDA:78,5,0,0
BRDA:78,5,1,0
BRDA:83,6,0,0
BRDA:83,6,1,0
BRDA:83,7,0,0
BRDA:83,7,1,0
BRDA:85,8,0,0
BRDA:85,8,1,0
BRDA:89,9,0,0
BRDA:89,9,1,0
BRDA:89,9,2,0
BRDA:89,9,3,0
BRDA:89,9,4,0
BRDA:106,10,0,0
BRDA:106,10,1,0
BRDA:110,11,0,0
BRDA:110,11,1,0
BRDA:110,11,2,0
BRDA:110,11,3,0
BRDA:115,12,0,0
BRDA:115,12,1,0
BRDA:115,13,0,0
BRDA:115,13,1,0
BRDA:124,14,0,0
BRDA:124,14,1,0
BRDA:143,15,0,0
BRDA:143,15,1,0
BRDA:154,16,0,0
BRDA:154,16,1,0
BRDA:175,17,0,0
BRDA:175,17,1,0
BRDA:190,18,0,0
BRDA:190,18,1,0
BRDA:198,19,0,0
BRDA:198,19,1,0
BRDA:200,20,0,0
BRDA:200,20,1,0
BRDA:208,21,0,0
BRDA:208,21,1,0
BRDA:214,22,0,0
BRDA:214,22,1,0
BRDA:225,23,0,0
BRDA:225,23,1,0
BRDA:257,24,0,0
BRDA:263,25,0,0
BRDA:281,26,0,0
BRDA:281,26,1,0
BRDA:284,27,0,0
BRDA:284,27,1,0
BRDA:288,28,0,0
BRDA:309,29,0,0
BRDA:333,30,0,0
BRDA:342,31,0,0
BRDA:342,31,1,0
BRDA:343,32,0,0
BRDA:343,32,1,0
BRDA:344,33,0,0
BRDA:344,33,1,0
BRDA:345,34,0,0
BRDA:345,34,1,0
BRDA:386,35,0,0
BRF:71
BRH:0
end_of_record
TN:
SF:components\ConditionalRuleModal.tsx
FN:62,(anonymous_6)
FN:78,(anonymous_7)
FN:99,ConditionalRuleModal
FN:117,(anonymous_9)
FN:130,(anonymous_10)
FN:132,(anonymous_11)
FN:140,(anonymous_12)
FN:148,(anonymous_13)
FN:158,(anonymous_14)
FN:179,(anonymous_15)
FN:211,(anonymous_16)
FN:221,(anonymous_17)
FN:241,(anonymous_18)
FN:252,(anonymous_19)
FN:274,(anonymous_20)
FN:285,(anonymous_21)
FNF:16
FNH:15
FNDA:3,(anonymous_6)
FNDA:3,(anonymous_7)
FNDA:27,ConditionalRuleModal
FNDA:9,(anonymous_9)
FNDA:10,(anonymous_10)
FNDA:1,(anonymous_11)
FNDA:3,(anonymous_12)
FNDA:1,(anonymous_13)
FNDA:3,(anonymous_14)
FNDA:4,(anonymous_15)
FNDA:1,(anonymous_16)
FNDA:108,(anonymous_17)
FNDA:0,(anonymous_18)
FNDA:135,(anonymous_19)
FNDA:2,(anonymous_20)
FNDA:2,(anonymous_21)
DA:3,1
DA:4,1
DA:5,1
DA:6,1
DA:7,1
DA:10,5
DA:17,5
DA:41,1
DA:48,1
DA:56,1
DA:64,3
DA:69,3
DA:71,0
DA:80,3
DA:81,0
DA:83,3
DA:99,9
DA:106,27
DA:107,27
DA:109,27
DA:117,27
DA:118,9
DA:119,8
DA:125,8
DA:130,27
DA:131,10
DA:132,1
DA:140,27
DA:141,3
DA:142,3
DA:143,2
DA:144,2
DA:146,1
DA:147,1
DA:148,1
DA:149,1
DA:150,1
DA:152,1
DA:154,1
DA:158,27
DA:159,3
DA:161,3
DA:162,1
DA:165,2
DA:166,2
DA:168,2
DA:169,2
DA:170,1
DA:172,0
DA:173,0
DA:175,1
DA:179,27
DA:180,4
DA:181,0
DA:182,0
DA:185,4
DA:186,4
DA:187,4
DA:188,4
DA:189,0
DA:194,27
DA:212,1
DA:213,1
DA:214,0
DA:222,108
DA:242,0
DA:243,0
DA:244,0
DA:253,135
DA:274,2
DA:285,2
LF:71
LH:60
BRDA:64,0,0,3
BRDA:64,0,1,0
BRDA:65,1,0,3
BRDA:65,1,1,0
BRDA:65,1,2,0
BRDA:80,2,0,0
BRDA:80,2,1,3
BRDA:81,3,0,0
BRDA:81,3,1,0
BRDA:110,4,0,27
BRDA:110,4,1,25
BRDA:111,5,0,27
BRDA:111,5,1,25
BRDA:112,6,0,27
BRDA:112,6,1,25
BRDA:113,7,0,27
BRDA:113,7,1,25
BRDA:118,8,0,8
BRDA:118,8,1,1
BRDA:120,9,0,8
BRDA:120,9,1,7
BRDA:121,10,0,8
BRDA:121,10,1,7
BRDA:122,11,0,8
BRDA:122,11,1,7
BRDA:123,12,0,8
BRDA:123,12,1,7
BRDA:131,13,0,1
BRDA:131,13,1,9
BRDA:146,14,0,1
BRDA:146,14,1,0
BRDA:161,15,0,1
BRDA:161,15,1,2
BRDA:172,16,0,0
BRDA:172,16,1,0
BRDA:180,17,0,0
BRDA:180,17,1,4
BRDA:180,18,0,4
BRDA:180,18,1,4
BRDA:186,19,0,4
BRDA:186,19,1,0
BRDA:188,20,0,0
BRDA:188,20,1,4
BRDA:200,21,0,23
BRDA:200,21,1,4
BRDA:213,22,0,0
BRDA:213,22,1,1
BRDA:218,23,0,0
BRDA:218,23,1,27
BRDA:219,24,0,0
BRDA:219,24,1,27
BRDA:227,25,0,27
BRDA:243,26,0,0
BRDA:243,26,1,0
BRDA:249,27,0,0
BRDA:249,27,1,27
BRDA:250,28,0,0
BRDA:250,28,1,27
BRDA:258,29,0,27
BRDA:263,30,0,27
BRDA:276,31,0,2
BRDA:276,31,1,25
BRDA:291,32,0,27
BRDA:313,33,0,23
BRDA:313,33,1,4
BRF:65
BRH:46
end_of_record
TN:
SF:components\ConditionalRulesList.tsx
FN:28,ConditionalRulesList
FN:45,(anonymous_2)
FN:73,(anonymous_3)
FN:92,(anonymous_4)
FNF:4
FNH:0
FNDA:0,ConditionalRulesList
FNDA:0,(anonymous_2)
FNDA:0,(anonymous_3)
FNDA:0,(anonymous_4)
DA:3,0
DA:4,0
DA:13,0
DA:20,0
DA:28,0
DA:34,0
DA:46,0
DA:73,0
DA:92,0
LF:9
LH:0
BRDA:32,0,0,0
BRDA:34,1,0,0
BRDA:34,1,1,0
BRDA:64,2,0,0
BRDA:64,2,1,0
BRDA:65,3,0,0
BRDA:65,3,1,0
BRDA:47,4,0,0
BRDA:47,4,1,0
BRF:9
BRH:0
end_of_record
TN:
SF:components\DeleteConfirmDialog.tsx
FN:15,DeleteConfirmDialog
FNF:1
FNH:0
FNDA:0,DeleteConfirmDialog
DA:3,0
DA:15,0
LF:2
LH:0
BRDA:19,0,0,0
BRDA:20,1,0,0
BRDA:21,2,0,0
BRDA:22,3,0,0
BRF:4
BRH:0
end_of_record
TN:
SF:components\ErrorBoundary.tsx
FN:21,(anonymous_4)
FN:26,(anonymous_5)
FN:30,(anonymous_6)
FN:38,(anonymous_7)
FN:84,(anonymous_8)
FN:90,(anonymous_9)
FNF:6
FNH:4
FNDA:31,(anonymous_4)
FNDA:26,(anonymous_5)
FNDA:13,(anonymous_6)
FNDA:57,(anonymous_7)
FNDA:0,(anonymous_8)
FNDA:0,(anonymous_9)
DA:3,1
DA:4,1
DA:20,17
DA:22,31
DA:23,30
DA:27,26
DA:32,13
DA:39,57
DA:41,27
DA:42,6
DA:84,0
DA:90,0
DA:101,30
LF:13
LH:11
BRDA:39,0,0,27
BRDA:39,0,1,30
BRDA:41,1,0,6
BRDA:41,1,1,21
BRDA:70,2,0,21
BRDA:70,2,1,4
BRF:6
BRH:6
end_of_record
TN:
SF:components\FilterPanel.tsx
FN:14,FilterSection
FN:20,(anonymous_2)
FN:64,FilterPanel
FN:94,(anonymous_4)
FN:121,(anonymous_5)
FN:122,(anonymous_6)
FN:123,(anonymous_7)
FN:127,(anonymous_8)
FN:144,(anonymous_9)
FN:197,(anonymous_10)
FN:203,(anonymous_11)
FN:219,(anonymous_12)
FN:222,(anonymous_13)
FN:257,(anonymous_14)
FN:269,(anonymous_15)
FN:287,(anonymous_16)
FN:291,(anonymous_17)
FN:302,(anonymous_18)
FN:317,(anonymous_19)
FNF:19
FNH:0
FNDA:0,FilterSection
FNDA:0,(anonymous_2)
FNDA:0,FilterPanel
FNDA:0,(anonymous_4)
FNDA:0,(anonymous_5)
FNDA:0,(anonymous_6)
FNDA:0,(anonymous_7)
FNDA:0,(anonymous_8)
FNDA:0,(anonymous_9)
FNDA:0,(anonymous_10)
FNDA:0,(anonymous_11)
FNDA:0,(anonymous_12)
FNDA:0,(anonymous_13)
FNDA:0,(anonymous_14)
FNDA:0,(anonymous_15)
FNDA:0,(anonymous_16)
FNDA:0,(anonymous_17)
FNDA:0,(anonymous_18)
FNDA:0,(anonymous_19)
DA:3,0
DA:4,0
DA:15,0
DA:20,0
DA:64,0
DA:77,0
DA:78,0
DA:79,0
DA:82,0
DA:83,0
DA:86,0
DA:87,0
DA:90,0
DA:91,0
DA:94,0
DA:95,0
DA:97,0
DA:98,0
DA:99,0
DA:100,0
DA:101,0
DA:102,0
DA:104,0
DA:105,0
DA:108,0
DA:111,0
DA:121,0
DA:122,0
DA:123,0
DA:127,0
DA:128,0
DA:129,0
DA:130,0
DA:131,0
DA:132,0
DA:133,0
DA:137,0
DA:144,0
DA:145,0
DA:151,0
DA:197,0
DA:203,0
DA:220,0
DA:222,0
DA:257,0
DA:269,0
DA:287,0
DA:292,0
DA:302,0
DA:317,0
LF:50
LH:0
BRDA:14,0,0,0
BRDA:27,1,0,0
BRDA:27,1,1,0
BRDA:36,2,0,0
BRDA:66,3,0,0
BRDA:67,4,0,0
BRDA:68,5,0,0
BRDA:69,6,0,0
BRDA:70,7,0,0
BRDA:75,8,0,0
BRDA:82,9,0,0
BRDA:82,9,1,0
BRDA:84,10,0,0
BRDA:84,10,1,0
BRDA:86,11,0,0
BRDA:86,11,1,0
BRDA:86,11,2,0
BRDA:88,12,0,0
BRDA:88,12,1,0
BRDA:90,13,0,0
BRDA:90,13,1,0
BRDA:91,14,0,0
BRDA:91,14,1,0
BRDA:97,15,0,0
BRDA:97,15,1,0
BRDA:98,16,0,0
BRDA:98,16,1,0
BRDA:99,17,0,0
BRDA:99,17,1,0
BRDA:100,18,0,0
BRDA:100,18,1,0
BRDA:101,19,0,0
BRDA:101,19,1,0
BRDA:102,20,0,0
BRDA:102,20,1,0
BRDA:105,21,0,0
BRDA:105,21,1,0
BRDA:116,22,0,0
BRDA:116,22,1,0
BRDA:117,23,0,0
BRDA:117,23,1,0
BRDA:123,24,0,0
BRDA:123,24,1,0
BRDA:130,25,0,0
BRDA:130,25,1,0
BRDA:137,26,0,0
BRDA:137,26,1,0
BRDA:137,26,2,0
BRDA:137,26,3,0
BRDA:137,26,4,0
BRDA:137,26,5,0
BRDA:141,27,0,0
BRDA:141,27,1,0
BRDA:151,28,0,0
BRDA:151,28,1,0
BRDA:170,29,0,0
BRDA:201,30,0,0
BRDA:216,31,0,0
BRDA:224,32,0,0
BRDA:224,32,1,0
BRDA:236,33,0,0
BRDA:241,34,0,0
BRDA:241,34,1,0
BRDA:248,35,0,0
BRDA:249,36,0,0
BRDA:249,36,1,0
BRDA:280,37,0,0
BRDA:280,37,1,0
BRDA:281,38,0,0
BRDA:281,38,1,0
BRDA:281,39,0,0
BRDA:281,39,1,0
BRDA:304,40,0,0
BRDA:304,40,1,0
BRDA:319,41,0,0
BRDA:319,41,1,0
BRDA:339,42,0,0
BRDA:343,43,0,0
BRDA:351,44,0,0
BRDA:353,45,0,0
BRDA:353,45,1,0
BRDA:356,46,0,0
BRDA:356,46,1,0
BRDA:358,47,0,0
BRDA:358,47,1,0
BRDA:358,48,0,0
BRDA:358,48,1,0
BRF:87
BRH:0
end_of_record
TN:
SF:components\FormError.tsx
FN:9,FormError
FN:16,(anonymous_5)
FN:33,ErrorMessage
FN:94,SuccessMessage
FNF:4
FNH:4
FNDA:5,FormError
FNDA:6,(anonymous_5)
FNDA:13,ErrorMessage
FNDA:10,SuccessMessage
DA:9,5
DA:10,5
DA:12,4
DA:17,6
DA:33,13
DA:94,10
LF:6
LH:6
BRDA:9,0,0,4
BRDA:10,1,0,1
BRDA:10,1,1,4
BRDA:12,2,0,1
BRDA:12,2,1,3
BRDA:34,3,0,9
BRDA:37,4,0,12
BRDA:64,5,0,13
BRDA:95,6,0,9
BRDA:98,7,0,9
BRDA:125,8,0,10
BRF:11
BRH:11
end_of_record
TN:
SF:components\FreeAgentForm.tsx
FN:20,FreeAgentForm
FN:32,(anonymous_2)
FN:74,(anonymous_3)
FN:87,(anonymous_4)
FN:100,(anonymous_5)
FN:113,(anonymous_6)
FN:128,(anonymous_7)
FN:141,(anonymous_8)
FN:157,(anonymous_9)
FNF:9
FNH:0
FNDA:0,FreeAgentForm
FNDA:0,(anonymous_2)
FNDA:0,(anonymous_3)
FNDA:0,(anonymous_4)
FNDA:0,(anonymous_5)
FNDA:0,(anonymous_6)
FNDA:0,(anonymous_7)
FNDA:0,(anonymous_8)
FNDA:0,(anonymous_9)
DA:3,0
DA:4,0
DA:20,0
DA:21,0
DA:22,0
DA:23,0
DA:32,0
DA:33,0
DA:34,0
DA:36,0
DA:37,0
DA:41,0
DA:43,0
DA:49,0
DA:50,0
DA:51,0
DA:54,0
DA:55,0
DA:57,0
DA:59,0
DA:74,0
DA:87,0
DA:100,0
DA:113,0
DA:128,0
DA:141,0
DA:157,0
LF:27
LH:0
BRDA:24,0,0,0
BRDA:24,0,1,0
BRDA:25,1,0,0
BRDA:25,1,1,0
BRDA:26,2,0,0
BRDA:26,2,1,0
BRDA:27,3,0,0
BRDA:27,3,1,0
BRDA:28,4,0,0
BRDA:28,4,1,0
BRDA:29,5,0,0
BRDA:29,5,1,0
BRDA:37,6,0,0
BRDA:37,6,1,0
BRDA:41,7,0,0
BRDA:41,7,1,0
BRDA:49,8,0,0
BRDA:49,8,1,0
BRDA:51,9,0,0
BRDA:51,9,1,0
BRDA:57,10,0,0
BRDA:57,10,1,0
BRDA:153,11,0,0
BRDA:153,11,1,0
BRDA:153,12,0,0
BRDA:153,12,1,0
BRF:26
BRH:0
end_of_record
TN:
SF:components\Leaderboard.tsx
FN:39,Leaderboard
FN:43,(anonymous_6)
FN:44,(anonymous_7)
FN:77,(anonymous_8)
FN:95,DesktopLeaderboardTable
FN:113,(anonymous_10)
FN:158,(anonymous_11)
FN:205,PointsBreakdown
FN:304,PointSystemDisplay
FN:398,MobileLeaderboardCards
FN:401,(anonymous_15)
FN:471,LeaderboardSkeleton
FN:477,(anonymous_17)
FN:482,(anonymous_18)
FN:505,ExportButton
FN:508,(anonymous_20)
FN:512,(anonymous_21)
FN:516,(anonymous_22)
FNF:18
FNH:10
FNDA:9,Leaderboard
FNDA:0,(anonymous_6)
FNDA:0,(anonymous_7)
FNDA:0,(anonymous_8)
FNDA:7,DesktopLeaderboardTable
FNDA:15,(anonymous_10)
FNDA:0,(anonymous_11)
FNDA:0,PointsBreakdown
FNDA:7,PointSystemDisplay
FNDA:7,MobileLeaderboardCards
FNDA:15,(anonymous_15)
FNDA:1,LeaderboardSkeleton
FNDA:5,(anonymous_17)
FNDA:5,(anonymous_18)
FNDA:7,ExportButton
FNDA:0,(anonymous_20)
FNDA:0,(anonymous_21)
FNDA:0,(anonymous_22)
DA:3,1
DA:4,1
DA:39,9
DA:40,9
DA:41,9
DA:43,9
DA:44,0
DA:45,0
DA:46,0
DA:47,0
DA:49,0
DA:51,0
DA:55,9
DA:56,1
DA:59,8
DA:77,0
DA:114,15
DA:158,0
DA:206,0
DA:207,0
DA:208,0
DA:209,0
DA:210,0
DA:211,0
DA:212,0
DA:213,0
DA:214,0
DA:402,15
DA:478,5
DA:483,5
DA:506,7
DA:508,7
DA:509,0
DA:510,0
DA:511,0
DA:512,0
DA:516,0
DA:517,0
DA:518,0
DA:519,0
DA:520,0
DA:521,0
DA:522,0
DA:523,0
DA:524,0
DA:525,0
DA:527,0
DA:529,0
LF:48
LH:15
BRDA:39,0,0,8
BRDA:46,1,0,0
BRDA:46,1,1,0
BRDA:55,2,0,1
BRDA:55,2,1,8
BRDA:59,3,0,1
BRDA:59,3,1,7
BRDA:115,4,0,15
BRDA:115,4,1,0
BRDA:119,5,0,15
BRDA:120,6,0,7
BRDA:120,6,1,8
BRDA:121,7,0,7
BRDA:121,7,1,1
BRDA:124,8,0,7
BRDA:124,8,1,8
BRDA:124,9,0,7
BRDA:124,9,1,1
BRDA:134,10,0,0
BRDA:144,11,0,15
BRDA:144,11,1,0
BRDA:160,12,0,0
BRDA:160,12,1,15
BRDA:163,13,0,0
BRDA:163,13,1,15
BRDA:170,14,0,15
BRDA:170,14,1,0
BRDA:212,15,0,0
BRDA:212,15,1,0
BRDA:223,16,0,0
BRDA:225,17,0,0
BRDA:225,17,1,0
BRDA:229,18,0,0
BRDA:231,19,0,0
BRDA:231,19,1,0
BRDA:235,20,0,0
BRDA:237,21,0,0
BRDA:237,21,1,0
BRDA:238,22,0,0
BRDA:238,22,1,0
BRDA:246,23,0,0
BRDA:249,24,0,0
BRDA:249,24,1,0
BRDA:252,25,0,0
BRDA:255,26,0,0
BRDA:255,26,1,0
BRDA:265,27,0,0
BRDA:265,27,1,0
BRDA:265,28,0,0
BRDA:265,28,1,0
BRDA:266,29,0,0
BRDA:266,29,1,0
BRDA:278,30,0,0
BRDA:307,31,0,0
BRDA:307,31,1,7
BRDA:316,32,0,0
BRDA:316,32,1,7
BRDA:319,33,0,0
BRDA:319,33,1,7
BRDA:323,34,0,7
BRDA:403,35,0,15
BRDA:403,35,1,0
BRDA:409,36,0,15
BRDA:410,37,0,7
BRDA:410,37,1,8
BRDA:411,38,0,7
BRDA:411,38,1,1
BRDA:414,39,0,7
BRDA:414,39,1,8
BRDA:414,40,0,7
BRDA:414,40,1,1
BRDA:423,41,0,0
BRDA:437,42,0,15
BRDA:437,42,1,0
BRDA:513,43,0,0
BRDA:513,43,1,0
BRDA:534,44,0,7
BRDA:534,44,1,7
BRDA:534,45,0,0
BRDA:534,45,1,7
BRDA:536,46,0,0
BRF:81
BRH:37
end_of_record
TN:
SF:components\LoginForm.tsx
FN:15,LoginForm
FN:25,(anonymous_2)
FN:34,(anonymous_3)
FN:65,(anonymous_4)
FN:67,(anonymous_5)
FN:70,(anonymous_6)
FNF:6
FNH:3
FNDA:16,LoginForm
FNDA:3,(anonymous_2)
FNDA:6,(anonymous_3)
FNDA:0,(anonymous_4)
FNDA:0,(anonymous_5)
FNDA:0,(anonymous_6)
DA:3,1
DA:4,1
DA:5,1
DA:6,1
DA:8,1
DA:15,13
DA:16,16
DA:17,16
DA:21,16
DA:22,16
DA:23,16
DA:25,16
DA:26,3
DA:27,3
DA:28,3
DA:31,3
DA:32,3
DA:33,3
DA:34,3
DA:35,6
DA:36,6
DA:39,3
DA:40,3
DA:43,0
DA:45,0
DA:46,0
DA:52,0
DA:53,0
DA:54,0
DA:55,0
DA:56,0
DA:59,0
DA:61,0
DA:65,16
DA:66,0
DA:67,0
DA:69,0
DA:70,0
DA:72,0
DA:73,0
LF:40
LH:24
BRDA:32,0,0,3
BRDA:32,0,1,0
BRDA:35,1,0,6
BRDA:35,1,1,0
BRDA:52,2,0,0
BRDA:52,2,1,0
BRDA:54,3,0,0
BRDA:54,3,1,0
BRDA:69,4,0,0
BRDA:69,4,1,0
BRDA:72,5,0,0
BRDA:72,5,1,0
BRDA:79,6,0,16
BRDA:107,7,0,3
BRDA:107,7,1,13
BRDA:113,8,0,16
BRDA:141,9,0,3
BRDA:141,9,1,13
BRDA:147,10,0,16
BRDA:164,11,0,0
BRF:20
BRH:9
end_of_record
TN:
SF:components\LogoutButton.tsx
FN:6,LogoutButton
FN:9,(anonymous_2)
FNF:2
FNH:0
FNDA:0,LogoutButton
FNDA:0,(anonymous_2)
DA:3,0
DA:4,0
DA:6,0
DA:7,0
DA:9,0
DA:10,0
DA:11,0
DA:12,0
LF:8
LH:0
BRF:0
BRH:0
end_of_record
TN:
SF:components\ManagerForm.tsx
FN:20,(anonymous_1)
FN:61,ManagerForm
FN:68,(anonymous_3)
FN:71,(anonymous_4)
FN:103,(anonymous_5)
FN:109,(anonymous_6)
FN:113,(anonymous_7)
FN:117,(anonymous_8)
FN:118,(anonymous_9)
FN:137,(anonymous_10)
FN:138,(anonymous_11)
FN:142,(anonymous_12)
FN:150,(anonymous_13)
FN:160,(anonymous_14)
FN:241,(anonymous_15)
FN:246,(anonymous_16)
FN:260,(anonymous_17)
FN:270,(anonymous_18)
FN:279,(anonymous_19)
FN:288,(anonymous_20)
FN:299,(anonymous_21)
FN:308,(anonymous_22)
FN:312,(anonymous_23)
FN:319,(anonymous_24)
FN:324,(anonymous_25)
FN:335,(anonymous_26)
FN:343,(anonymous_27)
FN:367,(anonymous_28)
FN:377,(anonymous_29)
FN:387,(anonymous_30)
FN:397,(anonymous_31)
FN:415,(anonymous_32)
FNF:32
FNH:14
FNDA:0,(anonymous_1)
FNDA:70,ManagerForm
FNDA:16,(anonymous_3)
FNDA:70,(anonymous_4)
FNDA:24,(anonymous_5)
FNDA:0,(anonymous_6)
FNDA:24,(anonymous_7)
FNDA:0,(anonymous_8)
FNDA:0,(anonymous_9)
FNDA:280,(anonymous_10)
FNDA:552,(anonymous_11)
FNDA:0,(anonymous_12)
FNDA:0,(anonymous_13)
FNDA:0,(anonymous_14)
FNDA:2,(anonymous_15)
FNDA:22,(anonymous_16)
FNDA:10,(anonymous_17)
FNDA:9,(anonymous_18)
FNDA:2,(anonymous_19)
FNDA:0,(anonymous_20)
FNDA:1260,(anonymous_21)
FNDA:0,(anonymous_22)
FNDA:0,(anonymous_23)
FNDA:0,(anonymous_24)
FNDA:0,(anonymous_25)
FNDA:1,(anonymous_26)
FNDA:0,(anonymous_27)
FNDA:0,(anonymous_28)
FNDA:0,(anonymous_29)
FNDA:0,(anonymous_30)
FNDA:0,(anonymous_31)
FNDA:0,(anonymous_32)
DA:3,1
DA:4,1
DA:5,1
DA:6,1
DA:7,1
DA:8,1
DA:9,1
DA:10,1
DA:11,1
DA:12,1
DA:13,1
DA:14,1
DA:17,1
DA:20,0
DA:61,24
DA:62,70
DA:63,70
DA:64,70
DA:65,70
DA:68,70
DA:71,70
DA:72,70
DA:73,7
DA:74,7
DA:75,0
DA:77,7
DA:80,70
DA:82,70
DA:98,70
DA:103,70
DA:104,24
DA:105,0
DA:106,0
DA:108,0
DA:109,0
DA:112,24
DA:113,24
DA:117,70
DA:118,0
DA:120,0
DA:123,0
DA:124,0
DA:127,0
DA:131,0
DA:132,0
DA:137,70
DA:138,552
DA:139,280
DA:142,70
DA:143,0
DA:144,0
DA:145,0
DA:146,0
DA:148,0
DA:149,0
DA:150,0
DA:151,0
DA:152,0
DA:154,0
DA:156,0
DA:160,70
DA:161,0
DA:163,0
DA:164,0
DA:167,0
DA:168,0
DA:170,0
DA:171,0
DA:175,0
DA:178,0
DA:183,0
DA:187,0
DA:196,0
DA:197,0
DA:199,0
DA:202,0
DA:210,0
DA:212,0
DA:213,0
DA:214,0
DA:216,0
DA:218,0
DA:219,0
DA:223,0
DA:229,0
DA:230,0
DA:231,0
DA:233,0
DA:234,0
DA:235,0
DA:237,0
DA:241,70
DA:242,2
DA:243,2
DA:246,70
DA:247,22
DA:249,22
DA:250,0
DA:260,10
DA:270,9
DA:279,2
DA:289,0
DA:290,0
DA:299,1260
DA:308,0
DA:312,0
DA:319,0
DA:324,0
DA:335,1
DA:343,0
DA:367,0
DA:377,0
DA:387,0
DA:397,0
DA:415,0
LF:115
LH:48
BRDA:20,0,0,0
BRDA:20,0,1,0
BRDA:68,1,0,70
BRDA:68,1,1,61
BRDA:68,1,2,59
BRDA:72,2,0,63
BRDA:72,2,1,7
BRDA:74,3,0,0
BRDA:74,3,1,7
BRDA:83,4,0,70
BRDA:83,4,1,61
BRDA:84,5,0,70
BRDA:84,5,1,61
BRDA:85,6,0,70
BRDA:85,6,1,63
BRDA:86,7,0,0
BRDA:86,7,1,70
BRDA:89,8,0,7
BRDA:89,8,1,63
BRDA:90,9,0,7
BRDA:90,9,1,0
BRDA:94,10,0,70
BRDA:94,10,1,63
BRDA:99,11,0,0
BRDA:99,11,1,70
BRDA:99,12,0,0
BRDA:99,12,1,0
BRDA:104,13,0,0
BRDA:104,13,1,24
BRDA:105,14,0,0
BRDA:105,14,1,0
BRDA:108,15,0,0
BRDA:108,15,1,0
BRDA:108,16,0,0
BRDA:108,16,1,0
BRDA:123,17,0,0
BRDA:123,17,1,0
BRDA:131,18,0,0
BRDA:131,18,1,0
BRDA:139,19,0,272
BRDA:139,19,1,8
BRDA:148,20,0,0
BRDA:148,20,1,0
BRDA:163,21,0,0
BRDA:163,21,1,0
BRDA:171,22,0,0
BRDA:171,22,1,0
BRDA:175,23,0,0
BRDA:175,23,1,0
BRDA:178,24,0,0
BRDA:178,24,1,0
BRDA:178,25,0,0
BRDA:178,25,1,0
BRDA:183,26,0,0
BRDA:183,26,1,0
BRDA:190,27,0,0
BRDA:190,27,1,0
BRDA:192,28,0,0
BRDA:192,28,1,0
BRDA:196,29,0,0
BRDA:196,29,1,0
BRDA:212,30,0,0
BRDA:212,30,1,0
BRDA:213,31,0,0
BRDA:213,31,1,0
BRDA:216,32,0,0
BRDA:216,32,1,0
BRDA:218,33,0,0
BRDA:218,33,1,0
BRDA:224,34,0,0
BRDA:224,34,1,0
BRDA:229,35,0,0
BRDA:229,35,1,0
BRDA:242,36,0,2
BRDA:242,36,1,1
BRDA:249,37,0,0
BRDA:249,37,1,22
BRDA:293,38,0,0
BRDA:293,38,1,0
BRDA:294,39,0,0
BRDA:294,39,1,0
BRDA:303,40,0,70
BRDA:323,41,0,0
BRDA:323,41,1,0
BRDA:326,42,0,0
BRDA:326,42,1,0
BRDA:403,43,0,70
BRDA:411,44,0,70
BRDA:436,45,0,61
BRDA:436,45,1,9
BRF:90
BRH:30
end_of_record
TN:
SF:components\ManagerProfile.tsx
FN:65,ManagerProfile
FN:74,(anonymous_3)
FN:95,(anonymous_4)
FN:154,(anonymous_5)
FN:177,(anonymous_6)
FN:364,(anonymous_7)
FN:365,(anonymous_8)
FN:519,(anonymous_9)
FNF:8
FNH:3
FNDA:27,ManagerProfile
FNDA:0,(anonymous_3)
FNDA:81,(anonymous_4)
FNDA:56,(anonymous_5)
FNDA:0,(anonymous_6)
FNDA:0,(anonymous_7)
FNDA:0,(anonymous_8)
FNDA:0,(anonymous_9)
DA:3,1
DA:4,1
DA:5,1
DA:8,1
DA:65,27
DA:66,27
DA:67,27
DA:68,27
DA:70,27
DA:71,27
DA:72,27
DA:74,27
DA:75,0
DA:76,0
DA:77,0
DA:81,0
DA:82,0
DA:83,0
DA:86,0
DA:87,0
DA:89,0
DA:90,0
DA:91,0
DA:95,27
DA:96,81
DA:97,80
DA:155,56
DA:177,0
DA:365,0
DA:367,0
DA:519,0
LF:31
LH:16
BRDA:65,0,0,23
BRDA:65,1,0,27
BRDA:72,2,0,27
BRDA:72,2,1,25
BRDA:81,3,0,0
BRDA:81,3,1,0
BRDA:83,4,0,0
BRDA:83,4,1,0
BRDA:89,5,0,0
BRDA:89,5,1,0
BRDA:96,6,0,1
BRDA:96,6,1,80
BRDA:126,7,0,26
BRDA:237,8,0,25
BRDA:259,9,0,27
BRDA:347,10,0,27
BRDA:347,10,1,1
BRDA:347,10,2,1
BRDA:358,11,0,0
BRDA:358,11,1,0
BRDA:398,12,0,0
BRDA:413,13,0,0
BRDA:413,13,1,0
BRDA:415,14,0,0
BRDA:415,14,1,0
BRDA:451,15,0,0
BRDA:451,15,1,0
BRDA:457,16,0,0
BRDA:461,17,0,0
BRDA:476,18,0,0
BRDA:476,18,1,0
BRDA:478,19,0,0
BRDA:478,19,1,0
BRF:33
BRH:12
end_of_record
TN:
SF:components\MatchDeleteButton.tsx
FN:14,MatchDeleteButton
FN:23,(anonymous_2)
FN:54,(anonymous_3)
FN:61,(anonymous_4)
FNF:4
FNH:0
FNDA:0,MatchDeleteButton
FNDA:0,(anonymous_2)
FNDA:0,(anonymous_3)
FNDA:0,(anonymous_4)
DA:3,0
DA:4,0
DA:5,0
DA:6,0
DA:14,0
DA:19,0
DA:20,0
DA:21,0
DA:23,0
DA:24,0
DA:26,0
DA:27,0
DA:31,0
DA:32,0
DA:33,0
DA:34,0
DA:37,0
DA:38,0
DA:40,0
DA:42,0
DA:43,0
DA:54,0
DA:61,0
LF:23
LH:0
BRDA:31,0,0,0
BRDA:31,0,1,0
BRDA:33,1,0,0
BRDA:33,1,1,0
BRF:4
BRH:0
end_of_record
TN:
SF:components\MatchList.tsx
FN:32,MatchList
FN:42,(anonymous_5)
FN:117,(anonymous_6)
FN:154,(anonymous_7)
FN:318,(anonymous_8)
FN:326,(anonymous_9)
FNF:6
FNH:0
FNDA:0,MatchList
FNDA:0,(anonymous_5)
FNDA:0,(anonymous_6)
FNDA:0,(anonymous_7)
FNDA:0,(anonymous_8)
FNDA:0,(anonymous_9)
DA:3,0
DA:4,0
DA:5,0
DA:6,0
DA:7,0
DA:30,0
DA:32,0
DA:33,0
DA:34,0
DA:35,0
DA:36,0
DA:38,0
DA:39,0
DA:42,0
DA:43,0
DA:45,0
DA:46,0
DA:50,0
DA:51,0
DA:52,0
DA:53,0
DA:56,0
DA:57,0
DA:59,0
DA:61,0
DA:62,0
DA:66,0
DA:118,0
DA:119,0
DA:121,0
DA:154,0
DA:318,0
DA:326,0
LF:33
LH:0
BRDA:32,0,0,0
BRDA:38,1,0,0
BRDA:38,1,1,0
BRDA:50,2,0,0
BRDA:50,2,1,0
BRDA:52,3,0,0
BRDA:52,3,1,0
BRDA:66,4,0,0
BRDA:66,4,1,0
BRDA:103,5,0,0
BRDA:103,5,1,0
BRDA:160,6,0,0
BRDA:186,7,0,0
BRDA:201,8,0,0
BRDA:201,8,1,0
BRDA:203,9,0,0
BRDA:203,9,1,0
BRDA:248,10,0,0
BRDA:263,11,0,0
BRDA:263,11,1,0
BRDA:265,12,0,0
BRDA:265,12,1,0
BRDA:300,13,0,0
BRDA:331,14,0,0
BRDA:331,14,1,0
BRF:25
BRH:0
end_of_record
TN:
SF:components\MatchListSkeleton.tsx
FN:3,MatchListSkeleton
FN:6,(anonymous_2)
FN:22,(anonymous_3)
FNF:3
FNH:0
FNDA:0,MatchListSkeleton
FNDA:0,(anonymous_2)
FNDA:0,(anonymous_3)
DA:1,0
DA:3,0
DA:7,0
DA:23,0
LF:4
LH:0
BRDA:3,0,0,0
BRF:1
BRH:0
end_of_record
TN:
SF:components\MatchResultForm.tsx
FN:18,(anonymous_1)
FN:26,(anonymous_2)
FN:30,(anonymous_3)
FN:32,(anonymous_4)
FN:104,MatchResultForm
FN:153,(anonymous_6)
FN:166,(anonymous_7)
FN:168,(anonymous_8)
FN:174,(anonymous_9)
FN:196,(anonymous_10)
FN:197,(anonymous_11)
FN:214,(anonymous_12)
FN:250,(anonymous_13)
FN:287,(anonymous_14)
FN:292,(anonymous_15)
FN:294,(anonymous_16)
FN:307,(anonymous_17)
FN:344,(anonymous_18)
FN:347,(anonymous_19)
FN:361,(anonymous_20)
FN:371,(anonymous_21)
FN:397,(anonymous_22)
FN:399,(anonymous_23)
FN:454,(anonymous_24)
FN:463,(anonymous_25)
FN:465,(anonymous_26)
FN:466,(anonymous_27)
FN:468,(anonymous_28)
FN:472,(anonymous_29)
FN:535,(anonymous_30)
FN:554,(anonymous_31)
FN:590,(anonymous_32)
FN:606,(anonymous_33)
FN:611,(anonymous_34)
FN:620,(anonymous_35)
FN:636,(anonymous_36)
FN:640,(anonymous_37)
FN:677,(anonymous_38)
FN:718,(anonymous_39)
FN:727,(anonymous_40)
FN:729,(anonymous_41)
FN:732,(anonymous_42)
FN:798,(anonymous_43)
FN:847,(anonymous_44)
FN:922,(anonymous_45)
FN:990,(anonymous_46)
FN:1032,(anonymous_47)
FN:1082,(anonymous_48)
FN:1105,(anonymous_49)
FN:1154,(anonymous_50)
FNF:50
FNH:0
FNDA:0,(anonymous_1)
FNDA:0,(anonymous_2)
FNDA:0,(anonymous_3)
FNDA:0,(anonymous_4)
FNDA:0,MatchResultForm
FNDA:0,(anonymous_6)
FNDA:0,(anonymous_7)
FNDA:0,(anonymous_8)
FNDA:0,(anonymous_9)
FNDA:0,(anonymous_10)
FNDA:0,(anonymous_11)
FNDA:0,(anonymous_12)
FNDA:0,(anonymous_13)
FNDA:0,(anonymous_14)
FNDA:0,(anonymous_15)
FNDA:0,(anonymous_16)
FNDA:0,(anonymous_17)
FNDA:0,(anonymous_18)
FNDA:0,(anonymous_19)
FNDA:0,(anonymous_20)
FNDA:0,(anonymous_21)
FNDA:0,(anonymous_22)
FNDA:0,(anonymous_23)
FNDA:0,(anonymous_24)
FNDA:0,(anonymous_25)
FNDA:0,(anonymous_26)
FNDA:0,(anonymous_27)
FNDA:0,(anonymous_28)
FNDA:0,(anonymous_29)
FNDA:0,(anonymous_30)
FNDA:0,(anonymous_31)
FNDA:0,(anonymous_32)
FNDA:0,(anonymous_33)
FNDA:0,(anonymous_34)
FNDA:0,(anonymous_35)
FNDA:0,(anonymous_36)
FNDA:0,(anonymous_37)
FNDA:0,(anonymous_38)
FNDA:0,(anonymous_39)
FNDA:0,(anonymous_40)
FNDA:0,(anonymous_41)
FNDA:0,(anonymous_42)
FNDA:0,(anonymous_43)
FNDA:0,(anonymous_44)
FNDA:0,(anonymous_45)
FNDA:0,(anonymous_46)
FNDA:0,(anonymous_47)
FNDA:0,(anonymous_48)
FNDA:0,(anonymous_49)
FNDA:0,(anonymous_50)
DA:3,0
DA:4,0
DA:5,0
DA:6,0
DA:7,0
DA:8,0
DA:9,0
DA:15,0
DA:18,0
DA:25,0
DA:26,0
DA:32,0
DA:33,0
DA:34,0
DA:104,0
DA:113,0
DA:114,0
DA:115,0
DA:116,0
DA:117,0
DA:118,0
DA:121,0
DA:122,0
DA:123,0
DA:126,0
DA:129,0
DA:134,0
DA:137,0
DA:138,0
DA:151,0
DA:153,0
DA:166,0
DA:167,0
DA:168,0
DA:169,0
DA:170,0
DA:171,0
DA:172,0
DA:174,0
DA:179,0
DA:181,0
DA:182,0
DA:185,0
DA:186,0
DA:188,0
DA:191,0
DA:196,0
DA:197,0
DA:198,0
DA:199,0
DA:200,0
DA:201,0
DA:202,0
DA:205,0
DA:207,0
DA:210,0
DA:214,0
DA:215,0
DA:216,0
DA:217,0
DA:219,0
DA:220,0
DA:222,0
DA:224,0
DA:225,0
DA:228,0
DA:238,0
DA:250,0
DA:251,0
DA:253,0
DA:254,0
DA:255,0
DA:258,0
DA:268,0
DA:281,0
DA:282,0
DA:287,0
DA:288,0
DA:292,0
DA:293,0
DA:294,0
DA:295,0
DA:297,0
DA:298,0
DA:299,0
DA:300,0
DA:301,0
DA:302,0
DA:307,0
DA:308,0
DA:309,0
DA:312,0
DA:313,0
DA:316,0
DA:317,0
DA:321,0
DA:322,0
DA:323,0
DA:324,0
DA:325,0
DA:326,0
DA:327,0
DA:329,0
DA:330,0
DA:335,0
DA:338,0
DA:339,0
DA:340,0
DA:344,0
DA:345,0
DA:347,0
DA:352,0
DA:356,0
DA:357,0
DA:359,0
DA:360,0
DA:361,0
DA:362,0
DA:363,0
DA:365,0
DA:367,0
DA:371,0
DA:372,0
DA:374,0
DA:375,0
DA:376,0
DA:379,0
DA:380,0
DA:382,0
DA:383,0
DA:387,0
DA:389,0
DA:397,0
DA:399,0
DA:411,0
DA:413,0
DA:414,0
DA:415,0
DA:417,0
DA:419,0
DA:420,0
DA:424,0
DA:430,0
DA:431,0
DA:433,0
DA:435,0
DA:438,0
DA:440,0
DA:441,0
DA:442,0
DA:443,0
DA:446,0
DA:447,0
DA:448,0
DA:450,0
DA:454,0
DA:455,0
DA:456,0
DA:458,0
DA:463,0
DA:464,0
DA:465,0
DA:466,0
DA:468,0
DA:472,0
DA:473,0
DA:476,0
DA:477,0
DA:479,0
DA:480,0
DA:482,0
DA:485,0
DA:490,0
DA:493,0
DA:494,0
DA:495,0
DA:498,0
DA:499,0
DA:501,0
DA:504,0
DA:515,0
DA:536,0
DA:537,0
DA:538,0
DA:539,0
DA:555,0
DA:556,0
DA:557,0
DA:591,0
DA:592,0
DA:593,0
DA:594,0
DA:595,0
DA:597,0
DA:606,0
DA:611,0
DA:620,0
DA:636,0
DA:641,0
DA:678,0
DA:680,0
DA:718,0
DA:727,0
DA:729,0
DA:733,0
DA:799,0
DA:800,0
DA:801,0
DA:848,0
DA:849,0
DA:852,0
DA:853,0
DA:855,0
DA:923,0
DA:924,0
DA:929,0
DA:933,0
DA:991,0
DA:992,0
DA:997,0
DA:1001,0
DA:1033,0
DA:1034,0
DA:1039,0
DA:1043,0
DA:1083,0
DA:1084,0
DA:1085,0
DA:1087,0
DA:1091,0
DA:1106,0
DA:1108,0
DA:1112,0
DA:1154,0
LF:234
LH:0
BRDA:117,0,0,0
BRDA:117,0,1,0
BRDA:122,1,0,0
BRDA:122,1,1,0
BRDA:126,2,0,0
BRDA:126,2,1,0
BRDA:126,3,0,0
BRDA:126,3,1,0
BRDA:126,4,0,0
BRDA:126,4,1,0
BRDA:130,5,0,0
BRDA:130,5,1,0
BRDA:152,6,0,0
BRDA:152,6,1,0
BRDA:167,7,0,0
BRDA:167,7,1,0
BRDA:171,8,0,0
BRDA:171,8,1,0
BRDA:175,9,0,0
BRDA:175,9,1,0
BRDA:176,10,0,0
BRDA:176,10,1,0
BRDA:177,11,0,0
BRDA:177,11,1,0
BRDA:200,12,0,0
BRDA:200,12,1,0
BRDA:202,13,0,0
BRDA:202,13,1,0
BRDA:215,14,0,0
BRDA:215,14,1,0
BRDA:215,15,0,0
BRDA:215,15,1,0
BRDA:215,15,2,0
BRDA:219,16,0,0
BRDA:219,16,1,0
BRDA:220,17,0,0
BRDA:220,17,1,0
BRDA:222,18,0,0
BRDA:222,18,1,0
BRDA:251,19,0,0
BRDA:251,19,1,0
BRDA:253,20,0,0
BRDA:253,20,1,0
BRDA:293,21,0,0
BRDA:293,21,1,0
BRDA:312,22,0,0
BRDA:312,22,1,0
BRDA:312,23,0,0
BRDA:312,23,1,0
BRDA:313,24,0,0
BRDA:313,24,1,0
BRDA:316,25,0,0
BRDA:316,25,1,0
BRDA:321,26,0,0
BRDA:321,26,1,0
BRDA:321,27,0,0
BRDA:321,27,1,0
BRDA:322,28,0,0
BRDA:322,28,1,0
BRDA:325,29,0,0
BRDA:325,29,1,0
BRDA:339,30,0,0
BRDA:339,30,1,0
BRDA:349,31,0,0
BRDA:349,31,1,0
BRDA:359,32,0,0
BRDA:359,32,1,0
BRDA:374,33,0,0
BRDA:374,33,1,0
BRDA:383,34,0,0
BRDA:383,34,1,0
BRDA:385,35,0,0
BRDA:385,35,1,0
BRDA:387,36,0,0
BRDA:387,36,1,0
BRDA:397,37,0,0
BRDA:397,37,1,0
BRDA:404,38,0,0
BRDA:404,38,1,0
BRDA:413,39,0,0
BRDA:413,39,1,0
BRDA:414,40,0,0
BRDA:414,40,1,0
BRDA:417,41,0,0
BRDA:417,41,1,0
BRDA:419,42,0,0
BRDA:419,42,1,0
BRDA:425,43,0,0
BRDA:425,43,1,0
BRDA:430,44,0,0
BRDA:430,44,1,0
BRDA:440,45,0,0
BRDA:440,45,1,0
BRDA:440,46,0,0
BRDA:440,46,1,0
BRDA:442,47,0,0
BRDA:442,47,1,0
BRDA:455,48,0,0
BRDA:455,48,1,0
BRDA:465,49,0,0
BRDA:465,49,1,0
BRDA:473,50,0,0
BRDA:473,50,1,0
BRDA:473,51,0,0
BRDA:473,51,1,0
BRDA:476,52,0,0
BRDA:476,52,1,0
BRDA:477,53,0,0
BRDA:477,53,1,0
BRDA:480,54,0,0
BRDA:480,54,1,0
BRDA:482,55,0,0
BRDA:482,55,1,0
BRDA:485,56,0,0
BRDA:485,56,1,0
BRDA:493,57,0,0
BRDA:493,57,1,0
BRDA:494,58,0,0
BRDA:494,58,1,0
BRDA:495,59,0,0
BRDA:495,59,1,0
BRDA:504,60,0,0
BRDA:504,60,1,0
BRDA:515,61,0,0
BRDA:515,61,1,0
BRDA:538,62,0,0
BRDA:538,62,1,0
BRDA:556,63,0,0
BRDA:556,63,1,0
BRDA:561,64,0,0
BRDA:561,64,1,0
BRDA:567,65,0,0
BRDA:589,66,0,0
BRDA:589,66,1,0
BRDA:592,67,0,0
BRDA:592,67,1,0
BRDA:594,68,0,0
BRDA:594,68,1,0
BRDA:604,69,0,0
BRDA:609,70,0,0
BRDA:615,71,0,0
BRDA:618,72,0,0
BRDA:618,72,1,0
BRDA:628,73,0,0
BRDA:635,74,0,0
BRDA:635,74,1,0
BRDA:636,75,0,0
BRDA:636,75,1,0
BRDA:667,76,0,0
BRDA:682,77,0,0
BRDA:692,78,0,0
BRDA:692,78,1,0
BRDA:698,79,0,0
BRDA:698,79,1,0
BRDA:702,80,0,0
BRDA:702,80,1,0
BRDA:705,81,0,0
BRDA:705,81,1,0
BRDA:720,82,0,0
BRDA:720,82,1,0
BRDA:727,83,0,0
BRDA:727,83,1,0
BRDA:738,84,0,0
BRDA:744,85,0,0
BRDA:746,86,0,0
BRDA:746,86,1,0
BRDA:747,87,0,0
BRDA:747,87,1,0
BRDA:751,88,0,0
BRDA:751,88,1,0
BRDA:752,89,0,0
BRDA:752,89,1,0
BRDA:756,90,0,0
BRDA:759,91,0,0
BRDA:762,92,0,0
BRDA:770,93,0,0
BRDA:770,93,1,0
BRDA:771,94,0,0
BRDA:771,94,1,0
BRDA:782,95,0,0
BRDA:799,96,0,0
BRDA:799,96,1,0
BRDA:800,97,0,0
BRDA:800,97,1,0
BRDA:823,98,0,0
BRDA:823,98,1,0
[...]
FNDA:0,CardTitle
FNDA:0,CardContent
FNDA:0,CardFooter
DA:3,2
DA:12,2
DA:19,34
DA:25,34
DA:26,34
DA:40,0
DA:53,0
DA:66,0
DA:79,0
LF:9
LH:5
BRDA:21,0,0,0
BRDA:22,1,0,34
BRDA:23,2,0,34
BRDA:26,3,0,0
BRDA:26,3,1,34
BRDA:40,4,0,0
BRDA:53,5,0,0
BRDA:66,6,0,0
BRDA:79,7,0,0
BRF:9
BRH:3
end_of_record
TN:
SF:components\ui\ConfirmDialog.tsx
FN:46,ConfirmDialog
FN:57,(anonymous_3)
FNF:2
FNH:1
FNDA:27,ConfirmDialog
FNDA:0,(anonymous_3)
DA:3,1
DA:4,1
DA:5,1
DA:19,1
DA:46,27
DA:57,27
DA:58,0
DA:61,27
LF:8
LH:7
BRDA:50,0,0,0
BRDA:52,1,0,0
BRDA:53,2,0,0
BRDA:54,3,0,0
BRDA:55,4,0,0
BRDA:84,5,0,27
BRDA:84,5,1,0
BRF:7
BRH:1
end_of_record
TN:
SF:components\ui\ImageUpload.tsx
FN:15,ImageUpload
FN:29,(anonymous_2)
FN:43,(anonymous_3)
FN:49,(anonymous_4)
FN:56,(anonymous_5)
FN:88,(anonymous_6)
FN:103,(anonymous_7)
FNF:7
FNH:1
FNDA:108,ImageUpload
FNDA:0,(anonymous_2)
FNDA:0,(anonymous_3)
FNDA:0,(anonymous_4)
FNDA:0,(anonymous_5)
FNDA:0,(anonymous_6)
FNDA:0,(anonymous_7)
DA:3,2
DA:4,2
DA:15,108
DA:23,108
DA:24,108
DA:25,108
DA:27,108
DA:28,108
DA:29,108
DA:30,0
DA:31,0
DA:32,0
DA:33,0
DA:35,0
DA:36,0
DA:38,0
DA:39,0
DA:43,108
DA:44,0
DA:45,0
DA:46,0
DA:49,108
DA:50,0
DA:51,0
DA:52,0
DA:53,0
DA:56,108
DA:57,0
DA:58,0
DA:88,0
DA:104,0
DA:105,0
DA:106,0
DA:108,0
DA:109,0
DA:110,0
DA:112,0
LF:37
LH:12
BRDA:21,0,0,0
BRDA:27,1,0,108
BRDA:27,1,1,0
BRDA:28,2,0,108
BRDA:28,2,1,0
BRDA:32,3,0,0
BRDA:32,3,1,0
BRDA:63,4,0,108
BRDA:70,5,0,108
BRDA:92,6,0,0
BRDA:92,6,1,108
BRDA:92,7,0,12
BRDA:92,7,1,96
BRDA:104,8,0,0
BRDA:104,8,1,0
BRDA:108,9,0,0
BRDA:108,9,1,0
BRDA:118,10,0,108
BRDA:118,10,1,108
BRDA:119,11,0,0
BRDA:119,11,1,0
BRDA:122,12,0,108
BRDA:122,12,1,108
BRDA:122,12,2,108
BRF:24
BRH:12
end_of_record
TN:
SF:components\ui\Input.tsx
FN:11,Input
FNF:1
FNH:1
FNDA:518,Input
DA:3,6
DA:11,520
DA:19,518
DA:21,518
DA:22,518
DA:23,518
DA:25,518
LF:7
LH:7
BRDA:15,0,0,517
BRDA:19,1,0,518
BRDA:19,1,1,517
BRDA:25,2,0,8
BRDA:25,2,1,510
BRDA:29,3,0,518
BRDA:40,4,0,8
BRDA:40,4,1,510
BRDA:41,5,0,8
BRDA:41,5,1,510
BRDA:41,6,0,207
BRDA:41,6,1,303
BRDA:44,7,0,518
BRDA:49,8,0,518
BRDA:49,8,1,510
BRF:15
BRH:15
end_of_record
TN:
SF:components\ui\LoadingSkeleton.tsx
FN:11,LoadingSkeleton
FN:18,(anonymous_5)
FN:37,(anonymous_6)
FN:50,MemberCardSkeleton
FN:53,(anonymous_8)
FN:73,ClubCardSkeleton
FN:76,(anonymous_10)
FNF:7
FNH:0
FNDA:0,LoadingSkeleton
FNDA:0,(anonymous_5)
FNDA:0,(anonymous_6)
FNDA:0,MemberCardSkeleton
FNDA:0,(anonymous_8)
FNDA:0,ClubCardSkeleton
FNDA:0,(anonymous_10)
DA:11,0
DA:18,0
DA:19,0
DA:21,0
DA:23,0
DA:25,0
DA:27,0
DA:29,0
DA:33,0
DA:34,0
DA:35,0
DA:37,0
DA:38,0
DA:47,0
DA:50,0
DA:54,0
DA:73,0
DA:77,0
LF:18
LH:0
BRDA:12,0,0,0
BRDA:13,1,0,0
BRDA:16,2,0,0
BRDA:19,3,0,0
BRDA:19,3,1,0
BRDA:19,3,2,0
BRDA:19,3,3,0
BRDA:19,3,4,0
BRDA:34,4,0,0
BRDA:34,4,1,0
BRDA:34,5,0,0
BRDA:34,5,1,0
BRDA:35,6,0,0
BRDA:35,6,1,0
BRDA:35,7,0,0
BRDA:35,7,1,0
BRDA:47,8,0,0
BRDA:47,8,1,0
BRDA:50,9,0,0
BRDA:73,10,0,0
BRF:20
BRH:0
end_of_record
TN:
SF:components\ui\LoadingSpinner.tsx
FN:18,LoadingSpinner
FN:53,LoadingOverlay
FNF:2
FNH:0
FNDA:0,LoadingSpinner
FNDA:0,LoadingOverlay
DA:3,0
DA:11,0
DA:18,0
DA:53,0
DA:54,0
LF:5
LH:0
BRDA:18,0,0,0
BRDA:18,1,0,0
BRDA:43,2,0,0
BRDA:54,3,0,0
BRDA:54,3,1,0
BRF:5
BRH:0
end_of_record
TN:
SF:components\ui\Modal.tsx
FN:21,Modal
FN:29,(anonymous_7)
FN:30,(anonymous_8)
FN:41,(anonymous_9)
FN:59,(anonymous_10)
FN:100,ModalFooter
FNF:6
FNH:5
FNDA:54,Modal
FNDA:36,(anonymous_7)
FNDA:0,(anonymous_8)
FNDA:36,(anonymous_9)
FNDA:4,(anonymous_10)
FNDA:26,ModalFooter
DA:3,2
DA:14,2
DA:21,54
DA:29,54
DA:30,36
DA:31,0
DA:32,0
DA:36,36
DA:37,8
DA:38,8
DA:41,36
DA:42,36
DA:43,36
DA:47,54
DA:59,4
DA:100,54
LF:16
LH:14
BRDA:26,0,0,0
BRDA:27,1,0,27
BRDA:31,2,0,0
BRDA:31,2,1,0
BRDA:31,3,0,0
BRDA:31,3,1,0
BRDA:36,4,0,8
BRDA:36,4,1,28
BRDA:47,5,0,28
BRDA:47,5,1,26
BRDA:55,6,0,26
BRDA:55,6,1,0
BRDA:61,7,0,26
BRDA:61,7,1,0
BRDA:63,8,0,26
BRDA:68,9,0,26
BRDA:100,10,0,26
BRF:17
BRH:10
end_of_record
TN:
SF:components\ui\OptimizedImage.tsx
FN:18,OptimizedImage
FN:69,(anonymous_3)
FN:70,(anonymous_4)
FNF:3
FNH:0
FNDA:0,OptimizedImage
FNDA:0,(anonymous_3)
FNDA:0,(anonymous_4)
DA:3,0
DA:4,0
DA:18,0
DA:29,0
DA:30,0
DA:32,0
DA:69,0
DA:71,0
DA:72,0
LF:9
LH:0
BRDA:23,0,0,0
BRDA:24,1,0,0
BRDA:25,2,0,0
BRDA:27,3,0,0
BRDA:32,4,0,0
BRDA:32,4,1,0
BRDA:36,5,0,0
BRDA:36,5,1,0
BRDA:60,6,0,0
BRDA:60,6,1,0
BRDA:61,7,0,0
BRDA:61,7,1,0
BRDA:67,8,0,0
BRDA:67,8,1,0
BRDA:75,9,0,0
BRDA:78,10,0,0
BRDA:78,10,1,0
BRF:17
BRH:0
end_of_record
TN:
SF:components\ui\Pagination.tsx
FN:14,Pagination
FN:26,(anonymous_2)
FN:75,(anonymous_3)
FN:86,(anonymous_4)
FN:102,(anonymous_5)
FN:116,(anonymous_6)
FN:120,(anonymous_7)
FN:140,(anonymous_8)
FNF:8
FNH:0
FNDA:0,Pagination
FNDA:0,(anonymous_2)
FNDA:0,(anonymous_3)
FNDA:0,(anonymous_4)
FNDA:0,(anonymous_5)
FNDA:0,(anonymous_6)
FNDA:0,(anonymous_7)
FNDA:0,(anonymous_8)
DA:3,0
DA:14,0
DA:22,0
DA:23,0
DA:26,0
DA:27,0
DA:28,0
DA:30,0
DA:31,0
DA:34,0
DA:35,0
DA:36,0
DA:37,0
DA:41,0
DA:42,0
DA:43,0
DA:44,0
DA:49,0
DA:50,0
DA:54,0
DA:55,0
DA:56,0
DA:58,0
DA:61,0
DA:64,0
DA:75,0
DA:86,0
DA:102,0
DA:117,0
DA:120,0
DA:140,0
LF:31
LH:0
BRDA:18,0,0,0
BRDA:19,1,0,0
BRDA:20,2,0,0
BRDA:22,3,0,0
BRDA:22,3,1,0
BRDA:34,4,0,0
BRDA:34,4,1,0
BRDA:36,5,0,0
BRDA:36,5,1,0
BRDA:41,6,0,0
BRDA:41,6,1,0
BRDA:43,7,0,0
BRDA:43,7,1,0
BRDA:54,8,0,0
BRDA:54,8,1,0
BRDA:55,9,0,0
BRDA:55,9,1,0
BRDA:64,10,0,0
BRDA:64,10,1,0
BRDA:115,11,0,0
BRDA:115,11,1,0
BRDA:117,12,0,0
BRDA:117,12,1,0
BRDA:122,13,0,0
BRDA:122,13,1,0
BRDA:126,14,0,0
BRDA:126,14,1,0
BRF:27
BRH:0
end_of_record
TN:
SF:components\ui\Select.tsx
FN:12,Select
FN:46,(anonymous_3)
FNF:2
FNH:2
FNDA:70,Select
FNDA:1330,(anonymous_3)
DA:3,1
DA:12,70
DA:21,70
DA:23,70
DA:24,70
DA:25,70
DA:27,70
DA:47,1330
LF:8
LH:8
BRDA:17,0,0,70
BRDA:21,1,0,70
BRDA:21,1,1,70
BRDA:27,2,0,0
BRDA:27,2,1,70
BRDA:31,3,0,70
BRDA:42,4,0,0
BRDA:42,4,1,70
BRDA:43,5,0,0
BRDA:43,5,1,70
BRDA:43,6,0,0
BRDA:43,6,1,70
BRDA:52,7,0,70
BRDA:57,8,0,70
BRDA:57,8,1,70
BRF:15
BRH:11
end_of_record
TN:
SF:components\ui\Toast.tsx
FN:20,useToast
FN:32,ToastProvider
FN:35,(anonymous_8)
FN:39,(anonymous_9)
FN:42,(anonymous_10)
FN:43,(anonymous_11)
FN:43,(anonymous_12)
FN:47,(anonymous_13)
FN:48,(anonymous_14)
FN:48,(anonymous_15)
FN:64,ToastContainer
FN:69,(anonymous_17)
FN:127,ToastItem
FN:138,(anonymous_19)
FNF:14
FNH:14
FNDA:150,useToast
FNDA:88,ToastProvider
FNDA:19,(anonymous_8)
FNDA:19,(anonymous_9)
FNDA:13,(anonymous_10)
FNDA:2,(anonymous_11)
FNDA:2,(anonymous_12)
FNDA:1,(anonymous_13)
FNDA:1,(anonymous_14)
FNDA:1,(anonymous_15)
FNDA:88,ToastContainer
FNDA:19,(anonymous_17)
FNDA:19,ToastItem
FNDA:1,(anonymous_19)
DA:3,6
DA:18,6
DA:20,150
DA:21,150
DA:22,149
DA:23,2
DA:25,147
DA:32,69
DA:33,88
DA:35,88
DA:36,19
DA:37,19
DA:39,19
DA:42,19
DA:43,13
DA:47,88
DA:48,1
DA:65,88
DA:70,19
DA:81,6
DA:104,6
DA:128,19
DA:138,1
LF:23
LH:23
BRDA:22,0,0,2
BRDA:22,0,1,147
BRDA:35,1,0,0
BRDA:35,2,0,18
BRDA:65,3,0,72
BRDA:65,3,1,16
BRF:6
BRH:5
end_of_record
TN:
SF:components\ui\dialog.tsx
FN:14,Dialog
FN:15,(anonymous_7)
FN:16,(anonymous_8)
FN:27,(anonymous_9)
FN:82,ConfirmDialog
FNF:5
FNH:0
FNDA:0,Dialog
FNDA:0,(anonymous_7)
FNDA:0,(anonymous_8)
FNDA:0,(anonymous_9)
FNDA:0,ConfirmDialog
DA:3,0
DA:4,0
DA:14,0
DA:15,0
DA:16,0
DA:17,0
DA:18,0
DA:22,0
DA:23,0
DA:24,0
DA:27,0
DA:28,0
DA:29,0
DA:33,0
DA:82,0
LF:15
LH:0
BRDA:17,0,0,0
BRDA:17,0,1,0
BRDA:22,1,0,0
BRDA:22,1,1,0
BRDA:33,2,0,0
BRDA:33,2,1,0
BRDA:60,3,0,0
BRDA:88,4,0,0
BRDA:89,5,0,0
BRDA:90,6,0,0
BRDA:91,7,0,0
BRF:11
BRH:0
end_of_record
TN:
SF:lib\auth-utils.ts
FN:5,getSession
FN:9,getCurrentUser
FN:14,requireAuth
FNF:3
FNH:0
FNDA:0,getSession
FNDA:0,getCurrentUser
FNDA:0,requireAuth
DA:1,0
DA:2,0
DA:3,0
DA:5,0
DA:6,0
DA:9,0
DA:10,0
DA:11,0
DA:14,0
DA:15,0
DA:17,0
DA:18,0
DA:21,0
LF:13
LH:0
BRDA:17,0,0,0
BRDA:17,0,1,0
BRF:2
BRH:0
end_of_record
TN:
SF:lib\cache.ts
FN:13,(anonymous_4)
FN:17,(anonymous_5)
FN:25,(anonymous_6)
FN:43,(anonymous_7)
FN:61,(anonymous_8)
FN:65,(anonymous_9)
FN:70,(anonymous_10)
FN:80,(anonymous_11)
FN:89,(anonymous_12)
FN:90,(anonymous_13)
FN:91,(anonymous_14)
FN:92,(anonymous_15)
FN:93,(anonymous_16)
FN:95,(anonymous_17)
FNF:14
FNH:0
FNDA:0,(anonymous_4)
FNDA:0,(anonymous_5)
FNDA:0,(anonymous_6)
FNDA:0,(anonymous_7)
FNDA:0,(anonymous_8)
FNDA:0,(anonymous_9)
FNDA:0,(anonymous_10)
FNDA:0,(anonymous_11)
FNDA:0,(anonymous_12)
FNDA:0,(anonymous_13)
FNDA:0,(anonymous_14)
FNDA:0,(anonymous_15)
FNDA:0,(anonymous_16)
FNDA:0,(anonymous_17)
DA:14,0
DA:18,0
DA:26,0
DA:28,0
DA:29,0
DA:32,0
DA:33,0
DA:35,0
DA:36,0
DA:37,0
DA:40,0
DA:44,0
DA:46,0
DA:47,0
DA:50,0
DA:51,0
DA:53,0
DA:54,0
DA:55,0
DA:58,0
DA:62,0
DA:66,0
DA:71,0
DA:72,0
DA:74,0
DA:75,0
DA:76,0
DA:80,0
DA:85,0
DA:88,0
DA:89,0
DA:90,0
DA:91,0
DA:92,0
DA:94,0
DA:96,0
DA:100,0
LF:37
LH:0
BRDA:17,0,0,0
BRDA:28,1,0,0
BRDA:28,1,1,0
BRDA:35,2,0,0
BRDA:35,2,1,0
BRDA:46,3,0,0
BRDA:46,3,1,0
BRDA:53,4,0,0
BRDA:53,4,1,0
BRDA:75,5,0,0
BRDA:75,5,1,0
BRDA:94,6,0,0
BRDA:94,6,1,0
BRF:13
BRH:0
end_of_record
TN:
SF:lib\errors.ts
FN:13,(anonymous_13)
FN:24,(anonymous_14)
FN:31,(anonymous_15)
FN:38,(anonymous_16)
FN:45,(anonymous_17)
FN:52,(anonymous_18)
FN:61,logError
FN:80,formatZodError
FN:87,handlePrismaError
FN:119,createErrorResponse
FN:188,validateRoles
FNF:11
FNH:6
FNDA:8,(anonymous_13)
FNDA:6,(anonymous_14)
FNDA:0,(anonymous_15)
FNDA:2,(anonymous_16)
FNDA:0,(anonymous_17)
FNDA:0,(anonymous_18)
FNDA:5,logError
FNDA:3,formatZodError
FNDA:0,handlePrismaError
FNDA:5,createErrorResponse
FNDA:0,validateRoles
DA:5,13
DA:6,13
DA:7,13
DA:12,1
DA:18,8
DA:19,8
DA:23,1
DA:25,6
DA:26,6
DA:30,1
DA:32,0
DA:33,0
DA:37,3
DA:39,2
DA:40,2
DA:44,1
DA:46,0
DA:47,0
DA:51,1
DA:53,0
DA:54,0
DA:61,1
DA:62,5
DA:63,5
DA:74,5
DA:80,1
DA:81,3
DA:87,1
DA:88,0
DA:89,0
DA:92,0
DA:93,0
DA:94,0
DA:98,0
DA:102,0
DA:105,0
DA:109,0
DA:110,0
DA:113,0
DA:119,6
DA:121,5
DA:124,5
DA:125,3
DA:136,2
DA:140,0
DA:141,0
DA:151,2
DA:152,2
DA:157,2
DA:158,0
DA:161,2
DA:165,0
DA:166,0
DA:176,0
DA:188,1
DA:189,0
DA:190,0
DA:199,13
LF:58
LH:33
BRDA:15,0,0,0
BRDA:38,1,0,2
BRDA:45,2,0,0
BRDA:66,3,0,5
BRDA:66,3,1,0
BRDA:88,4,0,0
BRDA:88,4,1,0
BRDA:89,5,0,0
BRDA:89,5,1,0
BRDA:89,5,2,0
BRDA:89,5,3,0
BRDA:92,6,0,0
BRDA:92,6,1,0
BRDA:93,7,0,0
BRDA:93,7,1,0
BRDA:109,8,0,0
BRDA:109,8,1,0
BRDA:124,9,0,3
BRDA:124,9,1,2
BRDA:136,10,0,0
BRDA:136,10,1,2
BRDA:137,11,0,2
BRDA:137,11,1,2
BRDA:151,12,0,2
BRDA:151,12,1,0
BRDA:157,13,0,0
BRDA:157,13,1,2
BRDA:157,14,0,2
BRDA:157,14,1,0
BRDA:165,15,0,0
BRDA:165,15,1,0
BRDA:189,16,0,0
BRDA:189,16,1,0
BRDA:189,17,0,0
BRDA:189,17,1,0
BRF:35
BRH:10
end_of_record
TN:
SF:lib\match-utils.ts
FN:46,evaluateConditionalRule
FN:90,calculatePointsWithRules
FN:147,calculatePoints
FN:185,updatePlayerStatistics
FN:223,(anonymous_9)
FN:224,(anonymous_10)
FN:225,(anonymous_11)
FN:226,(anonymous_12)
FN:227,(anonymous_13)
FN:228,(anonymous_14)
FN:229,(anonymous_15)
FN:254,recalculateTournamentStatistics
FN:261,(anonymous_17)
FNF:13
FNH:3
FNDA:16,evaluateConditionalRule
FNDA:15,calculatePointsWithRules
FNDA:7,calculatePoints
FNDA:0,updatePlayerStatistics
FNDA:0,(anonymous_9)
FNDA:0,(anonymous_10)
FNDA:0,(anonymous_11)
FNDA:0,(anonymous_12)
FNDA:0,(anonymous_13)
FNDA:0,(anonymous_14)
FNDA:0,(anonymous_15)
FNDA:0,recalculateTournamentStatistics
FNDA:0,(anonymous_17)
DA:1,1
DA:2,1
DA:53,16
DA:55,8
DA:56,8
DA:58,2
DA:59,2
DA:61,3
DA:62,3
DA:64,3
DA:65,3
DA:67,0
DA:71,16
DA:73,4
DA:75,5
DA:77,3
DA:79,3
DA:81,1
DA:83,0
DA:90,14
DA:95,15
DA:98,15
DA:100,13
DA:101,13
DA:103,1
DA:104,1
DA:106,1
DA:107,1
DA:111,15
DA:114,15
DA:117,15
DA:118,15
DA:120,15
DA:121,14
DA:122,16
DA:123,15
DA:127,15
DA:133,15
DA:135,15
DA:147,7
DA:152,7
DA:153,1
DA:154,1
DA:158,6
DA:161,6
DA:163,4
DA:164,4
DA:166,1
DA:167,1
DA:169,1
DA:170,1
DA:174,6
DA:177,6
DA:179,6
DA:185,0
DA:190,0
DA:209,0
DA:210,0
DA:211,0
DA:212,0
DA:214,0
DA:218,0
DA:219,0
DA:221,0
DA:223,0
DA:224,0
DA:225,0
DA:226,0
DA:227,0
DA:228,0
DA:229,0
DA:233,0
DA:254,0
DA:256,0
DA:261,0
DA:263,0
DA:264,0
DA:267,0
LF:78
LH:52
BRDA:53,0,0,8
BRDA:53,0,1,2
BRDA:53,0,2,3
BRDA:53,0,3,3
BRDA:53,0,4,0
BRDA:71,1,0,4
BRDA:71,1,1,5
BRDA:71,1,2,3
BRDA:71,1,3,3
BRDA:71,1,4,1
BRDA:71,1,5,0
BRDA:98,2,0,13
BRDA:98,2,1,1
BRDA:98,2,2,1
BRDA:120,3,0,14
BRDA:120,3,1,1
BRDA:120,4,0,15
BRDA:120,4,1,14
BRDA:122,5,0,15
BRDA:122,5,1,1
BRDA:152,6,0,1
BRDA:152,6,1,6
BRDA:152,7,0,7
BRDA:152,7,1,1
BRDA:161,8,0,4
BRDA:161,8,1,1
BRDA:161,8,2,1
BRDA:211,9,0,0
BRDA:211,9,1,0
BRDA:219,10,0,0
BRDA:219,10,1,0
BRDA:263,11,0,0
BRDA:263,11,1,0
BRF:33
BRH:25
end_of_record
TN:
SF:lib\data\clubs.ts
FN:5,getClub
FN:38,getClubBasic
FN:68,getClubHierarchy
FN:103,(anonymous_7)
FN:104,(anonymous_8)
FN:107,(anonymous_9)
FN:108,(anonymous_10)
FN:111,(anonymous_11)
FN:112,(anonymous_12)
FN:115,(anonymous_13)
FN:116,(anonymous_14)
FNF:11
FNH:0
FNDA:0,getClub
FNDA:0,getClubBasic
FNDA:0,getClubHierarchy
FNDA:0,(anonymous_7)
FNDA:0,(anonymous_8)
FNDA:0,(anonymous_9)
FNDA:0,(anonymous_10)
FNDA:0,(anonymous_11)
FNDA:0,(anonymous_12)
FNDA:0,(anonymous_13)
FNDA:0,(anonymous_14)
DA:1,0
DA:2,0
DA:3,0
DA:5,0
DA:13,0
DA:15,0
DA:16,0
DA:20,0
DA:21,0
DA:22,0
DA:23,0
DA:26,0
DA:31,0
DA:32,0
DA:35,0
DA:38,0
DA:39,0
DA:41,0
DA:42,0
DA:46,0
DA:47,0
DA:48,0
DA:49,0
DA:52,0
DA:61,0
DA:62,0
DA:65,0
DA:68,0
DA:69,0
DA:71,0
DA:72,0
DA:76,0
DA:77,0
DA:78,0
DA:79,0
DA:82,0
DA:86,0
DA:87,0
DA:90,0
DA:103,0
DA:104,0
DA:107,0
DA:108,0
DA:111,0
DA:112,0
DA:115,0
DA:116,0
DA:119,0
DA:136,0
DA:138,0
LF:50
LH:0
BRDA:15,0,0,0
BRDA:15,0,1,0
BRDA:22,1,0,0
BRDA:22,1,1,0
BRDA:31,2,0,0
BRDA:31,2,1,0
BRDA:41,3,0,0
BRDA:41,3,1,0
BRDA:48,4,0,0
BRDA:48,4,1,0
BRDA:61,5,0,0
BRDA:61,5,1,0
BRDA:71,6,0,0
BRDA:71,6,1,0
BRDA:78,7,0,0
BRDA:78,7,1,0
BRDA:86,8,0,0
BRDA:86,8,1,0
BRF:18
BRH:0
end_of_record
TN:
SF:lib\data\countries.ts
FNF:0
FNH:0
DA:2,70
LF:1
LH:1
BRF:0
BRH:0
end_of_record
TN:
SF:lib\data\indian-states-districts.ts
FNF:0
FNH:0
DA:1,1
DA:203,1
LF:2
LH:2
BRF:0
BRH:0
end_of_record
TN:
SF:lib\data\players.ts
FN:5,getPlayer
FN:35,getPlayersByClub
FN:106,getPlayersCountByClub
FN:125,getManagersByClub
FN:135,getMentorsByClub
FN:145,getCaptainsByClub
FNF:6
FNH:0
FNDA:0,getPlayer
FNDA:0,getPlayersByClub
FNDA:0,getPlayersCountByClub
FNDA:0,getManagersByClub
FNDA:0,getMentorsByClub
FNDA:0,getCaptainsByClub
DA:1,0
DA:2,0
DA:3,0
DA:5,0
DA:6,0
DA:8,0
DA:9,0
DA:13,0
DA:14,0
DA:15,0
DA:16,0
DA:19,0
DA:28,0
DA:29,0
DA:32,0
DA:35,0
DA:49,0
DA:51,0
DA:52,0
DA:55,0
DA:56,0
DA:57,0
DA:60,0
DA:61,0
DA:62,0
DA:63,0
DA:64,0
DA:68,0
DA:77,0
DA:90,0
DA:99,0
DA:100,0
DA:103,0
DA:106,0
DA:107,0
DA:109,0
DA:110,0
DA:113,0
DA:125,0
DA:129,0
DA:135,0
DA:139,0
DA:145,0
DA:149,0
LF:44
LH:0
BRDA:8,0,0,0
BRDA:8,0,1,0
BRDA:15,1,0,0
BRDA:15,1,1,0
BRDA:28,2,0,0
BRDA:28,2,1,0
BRDA:51,3,0,0
BRDA:51,3,1,0
BRDA:55,4,0,0
BRDA:55,4,1,0
BRDA:56,5,0,0
BRDA:56,5,1,0
BRDA:61,6,0,0
BRDA:61,6,1,0
BRDA:63,7,0,0
BRDA:63,7,1,0
BRDA:72,8,0,0
BRDA:72,8,1,0
BRDA:99,9,0,0
BRDA:99,9,1,0
BRDA:109,10,0,0
BRDA:109,10,1,0
BRF:22
BRH:0
end_of_record
TN:
SF:lib\data\tournaments.ts
FN:9,getAllTournaments
FN:37,getTournamentById
FNF:2
FNH:1
FNDA:0,getAllTournaments
FNDA:6,getTournamentById
DA:1,1
DA:2,1
DA:9,0
DA:10,0
DA:11,0
DA:23,0
DA:25,0
DA:26,0
DA:37,6
DA:38,6
DA:40,6
DA:41,6
DA:44,0
DA:45,0
DA:57,0
DA:59,0
DA:60,0
LF:17
LH:6
BRDA:40,0,0,6
BRDA:40,0,1,0
BRDA:40,1,0,6
BRDA:40,1,1,4
BRF:4
BRH:3
end_of_record
TN:
SF:lib\utils\filterUtils.ts
FN:14,applyFilters
FN:19,(anonymous_7)
FN:30,(anonymous_8)
FN:44,(anonymous_9)
FN:81,searchItems
FN:89,(anonymous_11)
FN:90,(anonymous_12)
FN:101,sortItems
FN:106,(anonymous_14)
FN:134,getActiveFilterCount
FN:135,(anonymous_16)
FN:145,highlightMatches
FNF:12
FNH:10
FNDA:12,applyFilters
FNDA:46,(anonymous_7)
FNDA:15,(anonymous_8)
FNDA:0,(anonymous_9)
FNDA:3,searchItems
FNDA:8,(anonymous_11)
FNDA:8,(anonymous_12)
FNDA:4,sortItems
FNDA:20,(anonymous_14)
FNDA:7,getActiveFilterCount
FNDA:10,(anonymous_16)
FNDA:0,highlightMatches
DA:14,12
DA:19,12
DA:21,46
DA:23,59
DA:24,12
DA:28,47
DA:29,14
DA:30,14
DA:31,15
DA:32,15
DA:33,15
DA:35,14
DA:36,8
DA:40,33
DA:41,8
DA:42,8
DA:44,0
DA:45,0
DA:48,8
DA:50,5
DA:54,25
DA:55,8
DA:56,8
DA:57,8
DA:58,5
DA:61,17
DA:62,7
DA:63,7
DA:64,7
DA:65,5
DA:69,10
DA:70,4
DA:74,28
DA:81,3
DA:86,3
DA:88,2
DA:89,2
DA:90,8
DA:91,8
DA:92,8
DA:93,8
DA:101,4
DA:106,4
DA:107,20
DA:108,20
DA:111,20
DA:112,19
DA:115,17
DA:116,7
DA:120,10
DA:121,10
DA:123,10
DA:124,5
DA:126,5
DA:134,7
DA:135,7
DA:136,10
DA:137,9
DA:138,7
DA:145,0
DA:146,0
DA:149,0
DA:150,0
DA:152,0
LF:64
LH:57
BRDA:17,0,0,0
BRDA:23,1,0,12
BRDA:23,1,1,47
BRDA:23,2,0,59
BRDA:23,2,1,55
BRDA:23,2,2,51
BRDA:23,2,3,12
BRDA:28,3,0,14
BRDA:28,3,1,33
BRDA:28,4,0,47
BRDA:28,4,1,14
BRDA:32,5,0,0
BRDA:32,5,1,15
BRDA:32,6,0,15
BRDA:32,6,1,15
BRDA:35,7,0,6
BRDA:35,7,1,8
BRDA:40,8,0,8
BRDA:40,8,1,25
BRDA:42,9,0,0
BRDA:42,9,1,8
BRDA:45,10,0,0
BRDA:45,10,1,0
BRDA:48,11,0,3
BRDA:48,11,1,5
BRDA:54,12,0,8
BRDA:54,12,1,17
BRDA:57,13,0,3
BRDA:57,13,1,5
BRDA:57,14,0,8
BRDA:57,14,1,8
BRDA:61,15,0,7
BRDA:61,15,1,10
BRDA:64,16,0,2
BRDA:64,16,1,5
BRDA:64,17,0,7
BRDA:64,17,1,7
BRDA:69,18,0,4
BRDA:69,18,1,6
BRDA:86,19,0,1
BRDA:86,19,1,2
BRDA:92,20,0,0
BRDA:92,20,1,8
BRDA:92,21,0,8
BRDA:92,21,1,8
BRDA:104,22,0,1
BRDA:111,23,0,1
BRDA:111,23,1,19
BRDA:111,24,0,20
BRDA:111,24,1,19
BRDA:112,25,0,2
BRDA:112,25,1,17
BRDA:112,26,0,19
BRDA:112,26,1,17
BRDA:115,27,0,7
BRDA:115,27,1,10
BRDA:115,28,0,17
BRDA:115,28,1,7
BRDA:116,29,0,7
BRDA:116,29,1,0
BRDA:123,30,0,5
BRDA:123,30,1,5
BRDA:136,31,0,1
BRDA:136,31,1,9
BRDA:137,32,0,2
BRDA:137,32,1,7
BRDA:138,33,0,7
BRDA:138,33,1,6
BRDA:146,34,0,0
BRDA:146,34,1,0
BRF:70
BRH:61
end_of_record
TN:
SF:lib\validations\club.ts
FNF:0
FNH:0
DA:1,1
DA:3,2
DA:9,1
LF:3
LH:3
BRF:0
BRH:0
end_of_record
TN:
SF:lib\validations\manager.ts
FN:7,(anonymous_5)
FNF:1
FNH:0
FNDA:0,(anonymous_5)
DA:1,0
DA:2,0
DA:4,0
DA:7,0
DA:17,0
DA:28,0
DA:29,0
LF:7
LH:0
BRDA:7,0,0,0
BRDA:7,0,1,0
BRDA:7,1,0,0
BRDA:7,1,1,0
BRDA:7,1,2,0
BRF:5
BRH:0
end_of_record
TN:
SF:lib\validations\match.ts
FN:8,(anonymous_4)
FN:17,(anonymous_5)
FN:24,(anonymous_6)
FN:26,(anonymous_7)
FN:36,(anonymous_8)
FN:43,(anonymous_9)
FN:46,(anonymous_10)
FNF:7
FNH:0
FNDA:0,(anonymous_4)
FNDA:0,(anonymous_5)
FNDA:0,(anonymous_6)
FNDA:0,(anonymous_7)
FNDA:0,(anonymous_8)
FNDA:0,(anonymous_9)
FNDA:0,(anonymous_10)
DA:1,0
DA:2,0
DA:5,0
DA:8,0
DA:16,0
DA:17,0
DA:26,0
DA:27,0
DA:28,0
DA:35,0
DA:36,0
DA:45,0
DA:46,0
DA:47,0
DA:48,0
DA:50,0
LF:16
LH:0
BRDA:45,0,0,0
BRDA:45,0,1,0
BRF:2
BRH:0
end_of_record
TN:
SF:lib\validations\point-system.ts
FN:156,(anonymous_5)
FN:162,(anonymous_6)
FN:181,(anonymous_7)
FN:198,(anonymous_8)
FN:222,(anonymous_9)
FN:230,(anonymous_10)
FN:250,(anonymous_11)
FN:269,(anonymous_12)
FNF:8
FNH:5
FNDA:0,(anonymous_5)
FNDA:1,(anonymous_6)
FNDA:7,(anonymous_7)
FNDA:7,(anonymous_8)
FNDA:0,(anonymous_9)
FNDA:0,(anonymous_10)
FNDA:2,(anonymous_11)
FNDA:2,(anonymous_12)
DA:1,5
DA:2,5
DA:8,8
DA:80,5
DA:153,8
DA:156,0
DA:162,1
DA:183,7
DA:188,4
DA:190,3
DA:200,7
DA:201,3
DA:205,4
DA:218,5
DA:222,0
DA:230,0
DA:252,2
DA:259,0
DA:261,2
DA:271,2
DA:275,0
DA:276,0
DA:277,0
DA:279,2
LF:24
LH:17
BRDA:183,0,0,4
BRDA:183,0,1,3
BRDA:184,1,0,7
BRDA:184,1,1,4
BRDA:184,1,2,3
BRDA:200,2,0,3
BRDA:200,2,1,4
BRDA:202,3,0,3
BRDA:202,3,1,2
BRDA:252,4,0,0
BRDA:252,4,1,2
BRDA:253,5,0,2
BRDA:253,5,1,0
BRDA:253,5,2,0
BRDA:253,5,3,0
BRDA:253,5,4,0
BRDA:271,6,0,0
BRDA:271,6,1,2
BRDA:272,7,0,2
BRDA:272,7,1,0
BRDA:272,7,2,0
BRDA:275,8,0,0
BRDA:275,8,1,0
BRDA:276,9,0,0
BRDA:276,9,1,0
BRDA:277,10,0,0
BRDA:277,10,1,0
BRF:27
BRH:13
end_of_record
TN:
SF:lib\validations\statistics.ts
FNF:0
FNH:0
DA:1,0
DA:3,0
DA:13,0
LF:3
LH:0
BRF:0
BRH:0
end_of_record
TN:
SF:lib\validations\tournament.ts
FN:6,(anonymous_3)
FN:9,(anonymous_4)
FN:18,(anonymous_5)
FN:33,(anonymous_6)
FN:36,(anonymous_7)
FN:45,(anonymous_8)
FNF:6
FNH:0
FNDA:0,(anonymous_3)
FNDA:0,(anonymous_4)
FNDA:0,(anonymous_5)
FNDA:0,(anonymous_6)
FNDA:0,(anonymous_7)
FNDA:0,(anonymous_8)
DA:1,3
DA:3,3
DA:6,0
DA:9,0
DA:19,0
DA:20,0
DA:21,0
DA:22,0
DA:24,0
DA:30,3
DA:33,0
DA:36,0
DA:46,0
DA:47,0
DA:48,0
DA:49,0
DA:51,0
LF:17
LH:3
BRDA:19,0,0,0
BRDA:19,0,1,0
BRDA:46,1,0,0
BRDA:46,1,1,0
BRDA:46,2,0,0
BRDA:46,2,1,0
BRF:6
BRH:0
end_of_record
